2024.08.13 08:01:00 INFO  Started: Metals version 1.3.5 in folders 'F:\UCSC\2nd year 1st sem\2204 FP\Practical 08' for client Visual Studio Code 1.92.1.
SLF4J(W): Class path contains multiple SLF4J providers.
SLF4J(W): Found provider [scribe.slf4j.ScribeServiceProvider@1d39a4a3]
SLF4J(W): Found provider [ch.qos.logback.classic.spi.LogbackServiceProvider@5db5e823]
SLF4J(W): See https://www.slf4j.org/codes.html#multiple_bindings for an explanation.
SLF4J(I): Actual provider is of type [scribe.slf4j.ScribeServiceProvider@1d39a4a3]
2024.08.13 08:01:01 WARN  Flyway upgrade recommended: H2 2.3.230 is newer than this version of Flyway and support has not been tested. The latest supported version of H2 is 2.2.220.
Aug 13, 2024 8:01:03 AM org.eclipse.lsp4j.jsonrpc.RemoteEndpoint handleCancellation
WARNING: Unmatched cancel notification for request id 2
Aug 13, 2024 8:01:03 AM org.eclipse.lsp4j.jsonrpc.RemoteEndpoint handleCancellation
WARNING: Unmatched cancel notification for request id 1
2024.08.13 08:01:04 INFO  no build target found for F:\UCSC\2nd year 1st sem\2204 FP\Practical 08\q1.scala. Using presentation compiler with project's scala-library version: 3.3.3
Aug 13, 2024 8:01:04 AM org.eclipse.lsp4j.jsonrpc.RemoteEndpoint handleCancellation
WARNING: Unmatched cancel notification for request id 8
2024.08.13 08:01:04 INFO  no build target found for F:\UCSC\2nd year 1st sem\2204 FP\Practical 08\q2.scala. Using presentation compiler with project's scala-library version: 3.3.3
Aug 13, 2024 8:01:04 AM org.eclipse.lsp4j.jsonrpc.services.GenericEndpoint notify
INFO: Unsupported notification method: $/setTrace
Aug 13, 2024 8:01:04 AM org.eclipse.lsp4j.jsonrpc.services.GenericEndpoint notify
INFO: Unsupported notification method: $/setTrace
2024.08.13 08:01:11 INFO  Running List(C:\Users\Himasha Lokusuriya\AppData\Local\Coursier\data\bin\scala-cli.BAT, setup-ide, F:\UCSC\2nd year 1st sem\2204 FP\Practical 08)
2024.08.13 08:01:16 INFO  Attempting to connect to the build server...
2024.08.13 08:01:16 INFO  Running BSP server List(C:\Users\Himasha Lokusuriya\AppData\Local\Coursier\data\bin\.scala-cli.aux.exe, bsp, --json-options, F:\UCSC\2nd year 1st sem\2204 FP\Practical 08\.scala-build\ide-options-v2.json, --json-launcher-options, F:\UCSC\2nd year 1st sem\2204 FP\Practical 08\.scala-build\ide-launcher-options.json, --envs-file, F:\UCSC\2nd year 1st sem\2204 FP\Practical 08\.scala-build\ide-envs.json, F:\UCSC\2nd year 1st sem\2204 FP\Practical 08)
2024.08.13 08:01:16 INFO  tracing is disabled for protocol BSP, to enable tracing of incoming and outgoing JSON messages create an empty file at F:\UCSC\2nd year 1st sem\2204 FP\Practical 08\.metals\bsp.trace.json or C:\Users\Himasha Lokusuriya\AppData\Local\scalameta\metals\cache\bsp.trace.json
2024.08.13 08:01:27 INFO  BSP server: Starting compilation server
2024.08.13 08:01:37 INFO  time: Connected to build server in 21s
2024.08.13 08:01:37 INFO  Connected to Build server: scala-cli v1.3.2
2024.08.13 08:01:37 INFO  time: Imported build in 0.35s
2024.08.13 08:01:38 INFO  running doctor check
2024.08.13 08:01:38 INFO  java targets: 
2024.08.13 08:01:39 INFO  compiling practical 08_f4dd477a3a (2 scala sources)
2024.08.13 08:01:41 WARN  Flyway upgrade recommended: H2 2.3.230 is newer than this version of Flyway and support has not been tested. The latest supported version of H2 is 2.2.220.
2024.08.13 08:01:43 INFO  time: indexed workspace in 5.29s
2024.08.13 08:01:43 WARN  no build target for: F:\UCSC\2nd year 1st sem\2204 FP\Practical 08\q1.scala
2024.08.13 08:01:43 WARN  no build target for: F:\UCSC\2nd year 1st sem\2204 FP\Practical 08\q2.scala
2024.08.13 08:01:43 INFO  no build target found for F:\UCSC\2nd year 1st sem\2204 FP\Practical 08\q2.scala. Using presentation compiler with project's scala-library version: 3.3.3
2024.08.13 08:01:43 INFO  no build target found for F:\UCSC\2nd year 1st sem\2204 FP\Practical 08\q2.scala. Using presentation compiler with project's scala-library version: 3.3.3
2024.08.13 08:01:45 INFO  no build target found for F:\UCSC\2nd year 1st sem\2204 FP\Practical 08\q1.scala. Using presentation compiler with project's scala-library version: 3.3.3
2024.08.13 08:01:45 INFO  time: code lens generation in 1.47s
2024.08.13 08:01:45 INFO  time: code lens generation in 2.63s
2024.08.13 08:01:46 INFO  time: code lens generation in 2.63s
2024.08.13 08:05:05 INFO  no build target found for F:\UCSC\2nd year 1st sem\2204 FP\Practical 08\q2.scala. Using presentation compiler with project's scala-library version: 3.3.3
2024.08.13 08:05:06 INFO  no build target found for F:\UCSC\2nd year 1st sem\2204 FP\Practical 08\q2.scala. Using presentation compiler with project's scala-library version: 3.3.3
2024.08.13 08:06:46 INFO  no build target found for F:\UCSC\2nd year 1st sem\2204 FP\Practical 08\q2.scala. Using presentation compiler with project's scala-library version: 3.3.3
2024.08.13 08:06:46 INFO  no build target found for F:\UCSC\2nd year 1st sem\2204 FP\Practical 08\q2.scala. Using presentation compiler with project's scala-library version: 3.3.3
2024.08.13 08:06:46 INFO  no build target found for F:\UCSC\2nd year 1st sem\2204 FP\Practical 08\q2.scala. Using presentation compiler with project's scala-library version: 3.3.3
2024.08.13 08:06:48 INFO  no build target found for F:\UCSC\2nd year 1st sem\2204 FP\Practical 08\q2.scala. Using presentation compiler with project's scala-library version: 3.3.3
2024.08.13 08:06:48 INFO  no build target found for F:\UCSC\2nd year 1st sem\2204 FP\Practical 08\q2.scala. Using presentation compiler with project's scala-library version: 3.3.3
2024.08.13 08:06:48 INFO  no build target found for F:\UCSC\2nd year 1st sem\2204 FP\Practical 08\q2.scala. Using presentation compiler with project's scala-library version: 3.3.3
2024.08.13 08:06:50 INFO  no build target found for F:\UCSC\2nd year 1st sem\2204 FP\Practical 08\q2.scala. Using presentation compiler with project's scala-library version: 3.3.3
2024.08.13 08:06:50 INFO  no build target found for F:\UCSC\2nd year 1st sem\2204 FP\Practical 08\q2.scala. Using presentation compiler with project's scala-library version: 3.3.3
2024.08.13 08:06:51 INFO  no build target found for F:\UCSC\2nd year 1st sem\2204 FP\Practical 08\q2.scala. Using presentation compiler with project's scala-library version: 3.3.3
2024.08.13 08:06:53 INFO  no build target found for F:\UCSC\2nd year 1st sem\2204 FP\Practical 08\q2.scala. Using presentation compiler with project's scala-library version: 3.3.3
2024.08.13 08:06:56 INFO  no build target found for F:\UCSC\2nd year 1st sem\2204 FP\Practical 08\q2.scala. Using presentation compiler with project's scala-library version: 3.3.3
2024.08.13 08:07:19 INFO  no build target found for F:\UCSC\2nd year 1st sem\2204 FP\Practical 08\q2.scala. Using presentation compiler with project's scala-library version: 3.3.3
2024.08.13 08:07:48 INFO  no build target found for F:\UCSC\2nd year 1st sem\2204 FP\Practical 08\q1.scala. Using presentation compiler with project's scala-library version: 3.3.3
2024.08.13 08:07:50 INFO  no build target found for F:\UCSC\2nd year 1st sem\2204 FP\Practical 08\q1.scala. Using presentation compiler with project's scala-library version: 3.3.3
2024.08.13 08:07:52 INFO  no build target found for F:\UCSC\2nd year 1st sem\2204 FP\Practical 08\q1.scala. Using presentation compiler with project's scala-library version: 3.3.3
2024.08.13 08:15:25 INFO  no build target found for F:\UCSC\2nd year 1st sem\2204 FP\Practical 08\q2.scala. Using presentation compiler with project's scala-library version: 3.3.3
2024.08.13 08:16:25 INFO  no build target found for F:\UCSC\2nd year 1st sem\2204 FP\Practical 08\q1.scala. Using presentation compiler with project's scala-library version: 3.3.3
2024.08.13 08:23:39 INFO  no build target found for F:\UCSC\2nd year 1st sem\2204 FP\Practical 08\q1.scala. Using presentation compiler with project's scala-library version: 3.3.3
2024.08.13 08:23:41 INFO  no build target found for F:\UCSC\2nd year 1st sem\2204 FP\Practical 08\q1.scala. Using presentation compiler with project's scala-library version: 3.3.3
2024.08.13 08:24:09 INFO  no build target found for F:\UCSC\2nd year 1st sem\2204 FP\Practical 08\q1.scala. Using presentation compiler with project's scala-library version: 3.3.3
2024.08.13 08:24:09 INFO  no build target found for F:\UCSC\2nd year 1st sem\2204 FP\Practical 08\q1.scala. Using presentation compiler with project's scala-library version: 3.3.3
2024.08.13 08:24:09 INFO  no build target found for F:\UCSC\2nd year 1st sem\2204 FP\Practical 08\q1.scala. Using presentation compiler with project's scala-library version: 3.3.3
2024.08.13 08:24:11 INFO  no build target found for F:\UCSC\2nd year 1st sem\2204 FP\Practical 08\q1.scala. Using presentation compiler with project's scala-library version: 3.3.3
2024.08.13 08:24:11 INFO  no build target found for F:\UCSC\2nd year 1st sem\2204 FP\Practical 08\q1.scala. Using presentation compiler with project's scala-library version: 3.3.3
2024.08.13 08:24:11 INFO  no build target found for F:\UCSC\2nd year 1st sem\2204 FP\Practical 08\q1.scala. Using presentation compiler with project's scala-library version: 3.3.3
2024.08.13 08:24:12 INFO  no build target found for F:\UCSC\2nd year 1st sem\2204 FP\Practical 08\q1.scala. Using presentation compiler with project's scala-library version: 3.3.3
2024.08.13 08:24:13 INFO  no build target found for F:\UCSC\2nd year 1st sem\2204 FP\Practical 08\q1.scala. Using presentation compiler with project's scala-library version: 3.3.3
2024.08.13 08:24:13 INFO  no build target found for F:\UCSC\2nd year 1st sem\2204 FP\Practical 08\q1.scala. Using presentation compiler with project's scala-library version: 3.3.3
2024.08.13 08:24:13 INFO  no build target found for F:\UCSC\2nd year 1st sem\2204 FP\Practical 08\q1.scala. Using presentation compiler with project's scala-library version: 3.3.3
2024.08.13 08:24:13 INFO  no build target found for F:\UCSC\2nd year 1st sem\2204 FP\Practical 08\q1.scala. Using presentation compiler with project's scala-library version: 3.3.3
2024.08.13 08:24:13 INFO  no build target found for F:\UCSC\2nd year 1st sem\2204 FP\Practical 08\q1.scala. Using presentation compiler with project's scala-library version: 3.3.3
2024.08.13 08:24:15 INFO  no build target found for F:\UCSC\2nd year 1st sem\2204 FP\Practical 08\q1.scala. Using presentation compiler with project's scala-library version: 3.3.3
2024.08.13 08:24:16 INFO  no build target found for F:\UCSC\2nd year 1st sem\2204 FP\Practical 08\q1.scala. Using presentation compiler with project's scala-library version: 3.3.3
2024.08.13 08:24:17 INFO  no build target found for F:\UCSC\2nd year 1st sem\2204 FP\Practical 08\q1.scala. Using presentation compiler with project's scala-library version: 3.3.3
2024.08.13 08:24:17 INFO  no build target found for F:\UCSC\2nd year 1st sem\2204 FP\Practical 08\q1.scala. Using presentation compiler with project's scala-library version: 3.3.3
2024.08.13 08:24:18 INFO  no build target found for F:\UCSC\2nd year 1st sem\2204 FP\Practical 08\q1.scala. Using presentation compiler with project's scala-library version: 3.3.3
2024.08.13 08:24:30 INFO  no build target found for F:\UCSC\2nd year 1st sem\2204 FP\Practical 08\q1.scala. Using presentation compiler with project's scala-library version: 3.3.3
2024.08.13 08:24:42 INFO  no build target found for F:\UCSC\2nd year 1st sem\2204 FP\Practical 08\q1.scala. Using presentation compiler with project's scala-library version: 3.3.3
2024.08.13 08:24:42 INFO  no build target found for F:\UCSC\2nd year 1st sem\2204 FP\Practical 08\q1.scala. Using presentation compiler with project's scala-library version: 3.3.3
2024.08.13 08:24:44 INFO  no build target found for F:\UCSC\2nd year 1st sem\2204 FP\Practical 08\q1.scala. Using presentation compiler with project's scala-library version: 3.3.3
2024.08.13 08:24:44 INFO  no build target found for F:\UCSC\2nd year 1st sem\2204 FP\Practical 08\q1.scala. Using presentation compiler with project's scala-library version: 3.3.3
2024.08.13 08:24:52 INFO  no build target found for F:\UCSC\2nd year 1st sem\2204 FP\Practical 08\q1.scala. Using presentation compiler with project's scala-library version: 3.3.3
2024.08.13 08:24:52 INFO  no build target found for F:\UCSC\2nd year 1st sem\2204 FP\Practical 08\q1.scala. Using presentation compiler with project's scala-library version: 3.3.3
2024.08.13 08:25:09 INFO  no build target found for F:\UCSC\2nd year 1st sem\2204 FP\Practical 08\q1.scala. Using presentation compiler with project's scala-library version: 3.3.3
Aug 13, 2024 8:25:09 AM org.eclipse.lsp4j.jsonrpc.RemoteEndpoint handleCancellation
WARNING: Unmatched cancel notification for request id 166
2024.08.13 08:25:09 INFO  no build target found for F:\UCSC\2nd year 1st sem\2204 FP\Practical 08\q1.scala. Using presentation compiler with project's scala-library version: 3.3.3
2024.08.13 08:25:53 INFO  no build target found for F:\UCSC\2nd year 1st sem\2204 FP\Practical 08\q2.scala. Using presentation compiler with project's scala-library version: 3.3.3
Aug 13, 2024 8:59:19 AM org.eclipse.lsp4j.jsonrpc.services.GenericEndpoint notify
INFO: Unsupported notification method: $/setTrace
Aug 13, 2024 8:59:19 AM org.eclipse.lsp4j.jsonrpc.services.GenericEndpoint notify
INFO: Unsupported notification method: $/setTrace
2024.08.14 12:55:05 INFO  Started: Metals version 1.3.5 in folders 'F:\UCSC\2nd year 1st sem\2204 FP\Practical 08' for client Visual Studio Code 1.92.1.
SLF4J(W): Class path contains multiple SLF4J providers.
SLF4J(W): Found provider [scribe.slf4j.ScribeServiceProvider@54729f79]
SLF4J(W): Found provider [ch.qos.logback.classic.spi.LogbackServiceProvider@6ac49934]
SLF4J(W): See https://www.slf4j.org/codes.html#multiple_bindings for an explanation.
SLF4J(I): Actual provider is of type [scribe.slf4j.ScribeServiceProvider@54729f79]
2024.08.14 12:55:10 WARN  Flyway upgrade recommended: H2 2.3.230 is newer than this version of Flyway and support has not been tested. The latest supported version of H2 is 2.2.220.
2024.08.14 12:55:12 INFO  no build target found for F:\UCSC\2nd year 1st sem\2204 FP\Practical 08\q2.scala. Using presentation compiler with project's scala-library version: 3.3.3
2024.08.14 12:55:13 INFO  Attempting to connect to the build server...
2024.08.14 12:55:13 INFO  Running BSP server List(C:\Users\Himasha Lokusuriya\AppData\Local\Coursier\data\bin\.scala-cli.aux.exe, bsp, --json-options, F:\UCSC\2nd year 1st sem\2204 FP\Practical 08\.scala-build\ide-options-v2.json, --json-launcher-options, F:\UCSC\2nd year 1st sem\2204 FP\Practical 08\.scala-build\ide-launcher-options.json, --envs-file, F:\UCSC\2nd year 1st sem\2204 FP\Practical 08\.scala-build\ide-envs.json, F:\UCSC\2nd year 1st sem\2204 FP\Practical 08)
2024.08.14 12:55:13 INFO  tracing is disabled for protocol BSP, to enable tracing of incoming and outgoing JSON messages create an empty file at F:\UCSC\2nd year 1st sem\2204 FP\Practical 08\.metals\bsp.trace.json or C:\Users\Himasha Lokusuriya\AppData\Local\scalameta\metals\cache\bsp.trace.json
2024.08.14 12:55:23 INFO  BSP server: Starting compilation server
2024.08.14 12:55:40 INFO  time: Connected to build server in 27s
2024.08.14 12:55:40 INFO  Connected to Build server: scala-cli v1.3.2
2024.08.14 12:55:40 INFO  time: Imported build in 0.25s
2024.08.14 12:55:40 INFO  running doctor check
2024.08.14 12:55:40 INFO  java targets: 
2024.08.14 12:55:46 WARN  Flyway upgrade recommended: H2 2.3.230 is newer than this version of Flyway and support has not been tested. The latest supported version of H2 is 2.2.220.
2024.08.14 12:55:46 INFO  time: indexed workspace in 7.2s
2024.08.14 12:55:47 WARN  no build target for: F:\UCSC\2nd year 1st sem\2204 FP\Practical 08\q2.scala
2024.08.14 12:55:46 WARN  no build target for: F:\UCSC\2nd year 1st sem\2204 FP\Practical 08\q1.scala
