2024.08.05 10:56:56 INFO  Started: Metals version 1.3.4 in folders 'F:\UCSC\2nd year 1st sem\2204 FP\Practical 7' for client Visual Studio Code 1.91.1.
SLF4J(W): Class path contains multiple SLF4J providers.
SLF4J(W): Found provider [scribe.slf4j.ScribeServiceProvider@196ed3d7]
SLF4J(W): Found provider [ch.qos.logback.classic.spi.LogbackServiceProvider@ae25e67]
SLF4J(W): See https://www.slf4j.org/codes.html#multiple_bindings for an explanation.
SLF4J(I): Actual provider is of type [scribe.slf4j.ScribeServiceProvider@196ed3d7]
2024.08.05 10:56:58 WARN  Flyway upgrade recommended: H2 2.3.230 is newer than this version of Flyway and support has not been tested. The latest supported version of H2 is 2.2.220.
2024.08.05 10:57:00 INFO  no build target found for F:\UCSC\2nd year 1st sem\2204 FP\Practical 7\q1.scala. Using presentation compiler with project's scala-library version: 3.3.3
2024.08.05 10:57:26 INFO  Running List(C:\Users\Himasha Lokusuriya\AppData\Local\Coursier\data\bin\scala-cli.BAT, setup-ide, F:\UCSC\2nd year 1st sem\2204 FP\Practical 7)
2024.08.05 10:57:26 INFO  Attempting to connect to the build server...
2024.08.05 10:57:26 INFO  Running BSP server List(C:\Users\Himasha Lokusuriya\AppData\Local\Coursier\data\bin\.scala-cli.aux.exe, bsp, --json-options, F:\UCSC\2nd year 1st sem\2204 FP\Practical 7\.scala-build\ide-options-v2.json, --json-launcher-options, F:\UCSC\2nd year 1st sem\2204 FP\Practical 7\.scala-build\ide-launcher-options.json, --envs-file, F:\UCSC\2nd year 1st sem\2204 FP\Practical 7\.scala-build\ide-envs.json, F:\UCSC\2nd year 1st sem\2204 FP\Practical 7)
2024.08.05 10:57:27 INFO  tracing is disabled for protocol BSP, to enable tracing of incoming and outgoing JSON messages create an empty file at F:\UCSC\2nd year 1st sem\2204 FP\Practical 7\.metals\bsp.trace.json or C:\Users\Himasha Lokusuriya\AppData\Local\scalameta\metals\cache\bsp.trace.json
2024.08.05 10:57:36 INFO  BSP server: Starting compilation server
2024.08.05 10:57:51 INFO  time: Connected to build server in 24s
2024.08.05 10:57:51 INFO  Connected to Build server: scala-cli v1.3.2
2024.08.05 10:57:53 INFO  compiling practical 7_f4dd477a3a (1 scala source)
2024.08.05 10:58:00 INFO  time: Imported build in 8.53s
2024.08.05 10:58:00 INFO  running doctor check
2024.08.05 10:58:00 INFO  java targets: 
2024.08.05 10:58:08 WARN  Flyway upgrade recommended: H2 2.3.230 is newer than this version of Flyway and support has not been tested. The latest supported version of H2 is 2.2.220.
2024.08.05 10:58:09 INFO  time: indexed workspace in 9.87s
2024.08.05 10:58:10 WARN  no build target for: F:\UCSC\2nd year 1st sem\2204 FP\Practical 7\q1.scala
2024.08.05 10:58:10 INFO  no build target found for F:\UCSC\2nd year 1st sem\2204 FP\Practical 7\q1.scala. Using presentation compiler with project's scala-library version: 3.3.3
2024.08.05 10:58:09 INFO  no build target found for F:\UCSC\2nd year 1st sem\2204 FP\Practical 7\q1.scala. Using presentation compiler with project's scala-library version: 3.3.3
2024.08.05 10:58:11 INFO  time: code lens generation in 1.1s
2024.08.05 11:09:46 INFO  no build target found for F:\UCSC\2nd year 1st sem\2204 FP\Practical 7\q1.scala. Using presentation compiler with project's scala-library version: 3.3.3
2024.08.05 11:09:46 INFO  no build target found for F:\UCSC\2nd year 1st sem\2204 FP\Practical 7\q1.scala. Using presentation compiler with project's scala-library version: 3.3.3
2024.08.05 11:09:48 INFO  no build target found for F:\UCSC\2nd year 1st sem\2204 FP\Practical 7\q1.scala. Using presentation compiler with project's scala-library version: 3.3.3
2024.08.05 11:09:48 INFO  no build target found for F:\UCSC\2nd year 1st sem\2204 FP\Practical 7\q1.scala. Using presentation compiler with project's scala-library version: 3.3.3
2024.08.05 11:09:49 INFO  no build target found for F:\UCSC\2nd year 1st sem\2204 FP\Practical 7\q1.scala. Using presentation compiler with project's scala-library version: 3.3.3
2024.08.05 11:09:50 INFO  no build target found for F:\UCSC\2nd year 1st sem\2204 FP\Practical 7\q1.scala. Using presentation compiler with project's scala-library version: 3.3.3
2024.08.05 11:09:58 INFO  no build target found for F:\UCSC\2nd year 1st sem\2204 FP\Practical 7\q1.scala. Using presentation compiler with project's scala-library version: 3.3.3
2024.08.05 11:09:58 INFO  no build target found for F:\UCSC\2nd year 1st sem\2204 FP\Practical 7\q1.scala. Using presentation compiler with project's scala-library version: 3.3.3
2024.08.05 11:09:58 INFO  no build target found for F:\UCSC\2nd year 1st sem\2204 FP\Practical 7\q1.scala. Using presentation compiler with project's scala-library version: 3.3.3
2024.08.05 11:09:58 INFO  no build target found for F:\UCSC\2nd year 1st sem\2204 FP\Practical 7\q1.scala. Using presentation compiler with project's scala-library version: 3.3.3
2024.08.05 11:09:58 INFO  no build target found for F:\UCSC\2nd year 1st sem\2204 FP\Practical 7\q1.scala. Using presentation compiler with project's scala-library version: 3.3.3
2024.08.05 11:09:59 INFO  no build target found for F:\UCSC\2nd year 1st sem\2204 FP\Practical 7\q1.scala. Using presentation compiler with project's scala-library version: 3.3.3
2024.08.05 11:09:59 INFO  no build target found for F:\UCSC\2nd year 1st sem\2204 FP\Practical 7\q1.scala. Using presentation compiler with project's scala-library version: 3.3.3
2024.08.05 11:10:00 INFO  no build target found for F:\UCSC\2nd year 1st sem\2204 FP\Practical 7\q1.scala. Using presentation compiler with project's scala-library version: 3.3.3
2024.08.05 11:10:00 INFO  time: code lens generation in 1.07s
2024.08.05 11:10:00 INFO  time: code lens generation in 1.64s
2024.08.05 11:09:59 INFO  no build target found for F:\UCSC\2nd year 1st sem\2204 FP\Practical 7\q1.scala. Using presentation compiler with project's scala-library version: 3.3.3
2024.08.05 11:09:59 INFO  no build target found for F:\UCSC\2nd year 1st sem\2204 FP\Practical 7\q1.scala. Using presentation compiler with project's scala-library version: 3.3.3
2024.08.05 11:09:59 INFO  no build target found for F:\UCSC\2nd year 1st sem\2204 FP\Practical 7\q1.scala. Using presentation compiler with project's scala-library version: 3.3.3
2024.08.05 11:09:59 INFO  no build target found for F:\UCSC\2nd year 1st sem\2204 FP\Practical 7\q1.scala. Using presentation compiler with project's scala-library version: 3.3.3
2024.08.05 11:10:01 INFO  no build target found for F:\UCSC\2nd year 1st sem\2204 FP\Practical 7\q1.scala. Using presentation compiler with project's scala-library version: 3.3.3
2024.08.05 11:10:02 INFO  no build target found for F:\UCSC\2nd year 1st sem\2204 FP\Practical 7\q1.scala. Using presentation compiler with project's scala-library version: 3.3.3
2024.08.05 11:10:02 INFO  no build target found for F:\UCSC\2nd year 1st sem\2204 FP\Practical 7\q1.scala. Using presentation compiler with project's scala-library version: 3.3.3
2024.08.05 11:10:02 INFO  no build target found for F:\UCSC\2nd year 1st sem\2204 FP\Practical 7\q1.scala. Using presentation compiler with project's scala-library version: 3.3.3
2024.08.05 11:10:02 INFO  no build target found for F:\UCSC\2nd year 1st sem\2204 FP\Practical 7\q1.scala. Using presentation compiler with project's scala-library version: 3.3.3
2024.08.05 11:10:02 INFO  no build target found for F:\UCSC\2nd year 1st sem\2204 FP\Practical 7\q1.scala. Using presentation compiler with project's scala-library version: 3.3.3
2024.08.05 11:10:02 INFO  no build target found for F:\UCSC\2nd year 1st sem\2204 FP\Practical 7\q1.scala. Using presentation compiler with project's scala-library version: 3.3.3
2024.08.05 11:10:02 INFO  no build target found for F:\UCSC\2nd year 1st sem\2204 FP\Practical 7\q1.scala. Using presentation compiler with project's scala-library version: 3.3.3
2024.08.05 11:10:02 INFO  no build target found for F:\UCSC\2nd year 1st sem\2204 FP\Practical 7\q1.scala. Using presentation compiler with project's scala-library version: 3.3.3
2024.08.05 11:10:03 INFO  no build target found for F:\UCSC\2nd year 1st sem\2204 FP\Practical 7\q1.scala. Using presentation compiler with project's scala-library version: 3.3.3
2024.08.05 11:10:03 INFO  no build target found for F:\UCSC\2nd year 1st sem\2204 FP\Practical 7\q1.scala. Using presentation compiler with project's scala-library version: 3.3.3
2024.08.05 11:10:03 INFO  no build target found for F:\UCSC\2nd year 1st sem\2204 FP\Practical 7\q1.scala. Using presentation compiler with project's scala-library version: 3.3.3
2024.08.05 11:10:04 INFO  no build target found for F:\UCSC\2nd year 1st sem\2204 FP\Practical 7\q1.scala. Using presentation compiler with project's scala-library version: 3.3.3
2024.08.05 11:10:04 INFO  no build target found for F:\UCSC\2nd year 1st sem\2204 FP\Practical 7\q1.scala. Using presentation compiler with project's scala-library version: 3.3.3
2024.08.05 11:10:04 INFO  no build target found for F:\UCSC\2nd year 1st sem\2204 FP\Practical 7\q1.scala. Using presentation compiler with project's scala-library version: 3.3.3
2024.08.05 11:10:04 INFO  no build target found for F:\UCSC\2nd year 1st sem\2204 FP\Practical 7\q1.scala. Using presentation compiler with project's scala-library version: 3.3.3
2024.08.05 11:10:04 INFO  no build target found for F:\UCSC\2nd year 1st sem\2204 FP\Practical 7\q1.scala. Using presentation compiler with project's scala-library version: 3.3.3
2024.08.05 11:10:04 INFO  no build target found for F:\UCSC\2nd year 1st sem\2204 FP\Practical 7\q1.scala. Using presentation compiler with project's scala-library version: 3.3.3
2024.08.05 11:10:05 INFO  no build target found for F:\UCSC\2nd year 1st sem\2204 FP\Practical 7\q1.scala. Using presentation compiler with project's scala-library version: 3.3.3
2024.08.05 11:10:05 INFO  no build target found for F:\UCSC\2nd year 1st sem\2204 FP\Practical 7\q1.scala. Using presentation compiler with project's scala-library version: 3.3.3
2024.08.05 11:10:04 INFO  no build target found for F:\UCSC\2nd year 1st sem\2204 FP\Practical 7\q1.scala. Using presentation compiler with project's scala-library version: 3.3.3
2024.08.05 11:10:04 INFO  no build target found for F:\UCSC\2nd year 1st sem\2204 FP\Practical 7\q1.scala. Using presentation compiler with project's scala-library version: 3.3.3
2024.08.05 11:10:04 INFO  no build target found for F:\UCSC\2nd year 1st sem\2204 FP\Practical 7\q1.scala. Using presentation compiler with project's scala-library version: 3.3.3
2024.08.05 11:10:04 INFO  no build target found for F:\UCSC\2nd year 1st sem\2204 FP\Practical 7\q1.scala. Using presentation compiler with project's scala-library version: 3.3.3
2024.08.05 11:10:05 INFO  no build target found for F:\UCSC\2nd year 1st sem\2204 FP\Practical 7\q1.scala. Using presentation compiler with project's scala-library version: 3.3.3
2024.08.05 11:10:04 INFO  no build target found for F:\UCSC\2nd year 1st sem\2204 FP\Practical 7\q1.scala. Using presentation compiler with project's scala-library version: 3.3.3
2024.08.05 11:10:04 INFO  no build target found for F:\UCSC\2nd year 1st sem\2204 FP\Practical 7\q1.scala. Using presentation compiler with project's scala-library version: 3.3.3
2024.08.05 11:10:05 INFO  no build target found for F:\UCSC\2nd year 1st sem\2204 FP\Practical 7\q1.scala. Using presentation compiler with project's scala-library version: 3.3.3
2024.08.05 11:10:05 INFO  no build target found for F:\UCSC\2nd year 1st sem\2204 FP\Practical 7\q1.scala. Using presentation compiler with project's scala-library version: 3.3.3
2024.08.05 11:10:05 INFO  no build target found for F:\UCSC\2nd year 1st sem\2204 FP\Practical 7\q1.scala. Using presentation compiler with project's scala-library version: 3.3.3
2024.08.05 11:10:06 INFO  no build target found for F:\UCSC\2nd year 1st sem\2204 FP\Practical 7\q1.scala. Using presentation compiler with project's scala-library version: 3.3.3
2024.08.05 11:10:05 INFO  no build target found for F:\UCSC\2nd year 1st sem\2204 FP\Practical 7\q1.scala. Using presentation compiler with project's scala-library version: 3.3.3
2024.08.05 11:10:05 INFO  no build target found for F:\UCSC\2nd year 1st sem\2204 FP\Practical 7\q1.scala. Using presentation compiler with project's scala-library version: 3.3.3
2024.08.05 11:10:06 INFO  no build target found for F:\UCSC\2nd year 1st sem\2204 FP\Practical 7\q1.scala. Using presentation compiler with project's scala-library version: 3.3.3
2024.08.05 11:10:05 INFO  no build target found for F:\UCSC\2nd year 1st sem\2204 FP\Practical 7\q1.scala. Using presentation compiler with project's scala-library version: 3.3.3
2024.08.05 11:10:10 INFO  no build target found for F:\UCSC\2nd year 1st sem\2204 FP\Practical 7\q1.scala. Using presentation compiler with project's scala-library version: 3.3.3
2024.08.05 11:10:12 INFO  no build target found for F:\UCSC\2nd year 1st sem\2204 FP\Practical 7\q1.scala. Using presentation compiler with project's scala-library version: 3.3.3
2024.08.05 11:10:12 INFO  no build target found for F:\UCSC\2nd year 1st sem\2204 FP\Practical 7\q1.scala. Using presentation compiler with project's scala-library version: 3.3.3
2024.08.05 11:10:12 INFO  no build target found for F:\UCSC\2nd year 1st sem\2204 FP\Practical 7\q1.scala. Using presentation compiler with project's scala-library version: 3.3.3
2024.08.05 11:10:12 INFO  no build target found for F:\UCSC\2nd year 1st sem\2204 FP\Practical 7\q1.scala. Using presentation compiler with project's scala-library version: 3.3.3
2024.08.05 11:10:13 INFO  no build target found for F:\UCSC\2nd year 1st sem\2204 FP\Practical 7\q1.scala. Using presentation compiler with project's scala-library version: 3.3.3
2024.08.05 11:10:13 INFO  no build target found for F:\UCSC\2nd year 1st sem\2204 FP\Practical 7\q1.scala. Using presentation compiler with project's scala-library version: 3.3.3
2024.08.05 11:10:13 INFO  no build target found for F:\UCSC\2nd year 1st sem\2204 FP\Practical 7\q1.scala. Using presentation compiler with project's scala-library version: 3.3.3
2024.08.05 11:10:13 INFO  no build target found for F:\UCSC\2nd year 1st sem\2204 FP\Practical 7\q1.scala. Using presentation compiler with project's scala-library version: 3.3.3
2024.08.05 11:10:13 INFO  no build target found for F:\UCSC\2nd year 1st sem\2204 FP\Practical 7\q1.scala. Using presentation compiler with project's scala-library version: 3.3.3
2024.08.05 11:10:13 INFO  no build target found for F:\UCSC\2nd year 1st sem\2204 FP\Practical 7\q1.scala. Using presentation compiler with project's scala-library version: 3.3.3
2024.08.05 11:10:13 INFO  no build target found for F:\UCSC\2nd year 1st sem\2204 FP\Practical 7\q1.scala. Using presentation compiler with project's scala-library version: 3.3.3
2024.08.05 11:10:14 INFO  no build target found for F:\UCSC\2nd year 1st sem\2204 FP\Practical 7\q1.scala. Using presentation compiler with project's scala-library version: 3.3.3
2024.08.05 11:10:14 INFO  no build target found for F:\UCSC\2nd year 1st sem\2204 FP\Practical 7\q1.scala. Using presentation compiler with project's scala-library version: 3.3.3
2024.08.05 11:10:14 INFO  no build target found for F:\UCSC\2nd year 1st sem\2204 FP\Practical 7\q1.scala. Using presentation compiler with project's scala-library version: 3.3.3
2024.08.05 11:10:14 INFO  no build target found for F:\UCSC\2nd year 1st sem\2204 FP\Practical 7\q1.scala. Using presentation compiler with project's scala-library version: 3.3.3
2024.08.05 11:10:14 INFO  no build target found for F:\UCSC\2nd year 1st sem\2204 FP\Practical 7\q1.scala. Using presentation compiler with project's scala-library version: 3.3.3
2024.08.05 11:10:14 INFO  no build target found for F:\UCSC\2nd year 1st sem\2204 FP\Practical 7\q1.scala. Using presentation compiler with project's scala-library version: 3.3.3
2024.08.05 11:10:15 INFO  no build target found for F:\UCSC\2nd year 1st sem\2204 FP\Practical 7\q1.scala. Using presentation compiler with project's scala-library version: 3.3.3
2024.08.05 11:10:15 INFO  no build target found for F:\UCSC\2nd year 1st sem\2204 FP\Practical 7\q1.scala. Using presentation compiler with project's scala-library version: 3.3.3
2024.08.05 11:10:16 INFO  no build target found for F:\UCSC\2nd year 1st sem\2204 FP\Practical 7\q1.scala. Using presentation compiler with project's scala-library version: 3.3.3
2024.08.05 11:10:17 INFO  no build target found for F:\UCSC\2nd year 1st sem\2204 FP\Practical 7\q1.scala. Using presentation compiler with project's scala-library version: 3.3.3
2024.08.05 11:10:17 INFO  no build target found for F:\UCSC\2nd year 1st sem\2204 FP\Practical 7\q1.scala. Using presentation compiler with project's scala-library version: 3.3.3
2024.08.05 11:10:17 INFO  no build target found for F:\UCSC\2nd year 1st sem\2204 FP\Practical 7\q1.scala. Using presentation compiler with project's scala-library version: 3.3.3
2024.08.05 11:10:17 INFO  no build target found for F:\UCSC\2nd year 1st sem\2204 FP\Practical 7\q1.scala. Using presentation compiler with project's scala-library version: 3.3.3
2024.08.05 11:10:18 INFO  no build target found for F:\UCSC\2nd year 1st sem\2204 FP\Practical 7\q1.scala. Using presentation compiler with project's scala-library version: 3.3.3
2024.08.05 11:10:17 INFO  no build target found for F:\UCSC\2nd year 1st sem\2204 FP\Practical 7\q1.scala. Using presentation compiler with project's scala-library version: 3.3.3
2024.08.05 11:10:17 INFO  no build target found for F:\UCSC\2nd year 1st sem\2204 FP\Practical 7\q1.scala. Using presentation compiler with project's scala-library version: 3.3.3
2024.08.05 11:10:18 INFO  no build target found for F:\UCSC\2nd year 1st sem\2204 FP\Practical 7\q1.scala. Using presentation compiler with project's scala-library version: 3.3.3
2024.08.05 11:10:18 INFO  no build target found for F:\UCSC\2nd year 1st sem\2204 FP\Practical 7\q1.scala. Using presentation compiler with project's scala-library version: 3.3.3
2024.08.05 11:10:17 INFO  no build target found for F:\UCSC\2nd year 1st sem\2204 FP\Practical 7\q1.scala. Using presentation compiler with project's scala-library version: 3.3.3
2024.08.05 11:10:17 INFO  no build target found for F:\UCSC\2nd year 1st sem\2204 FP\Practical 7\q1.scala. Using presentation compiler with project's scala-library version: 3.3.3
2024.08.05 11:10:18 INFO  no build target found for F:\UCSC\2nd year 1st sem\2204 FP\Practical 7\q1.scala. Using presentation compiler with project's scala-library version: 3.3.3
2024.08.05 11:10:19 INFO  no build target found for F:\UCSC\2nd year 1st sem\2204 FP\Practical 7\q1.scala. Using presentation compiler with project's scala-library version: 3.3.3
2024.08.05 11:10:20 INFO  no build target found for F:\UCSC\2nd year 1st sem\2204 FP\Practical 7\q1.scala. Using presentation compiler with project's scala-library version: 3.3.3
2024.08.05 11:10:20 INFO  no build target found for F:\UCSC\2nd year 1st sem\2204 FP\Practical 7\q1.scala. Using presentation compiler with project's scala-library version: 3.3.3
2024.08.05 11:10:20 INFO  no build target found for F:\UCSC\2nd year 1st sem\2204 FP\Practical 7\q1.scala. Using presentation compiler with project's scala-library version: 3.3.3
2024.08.05 11:10:24 INFO  no build target found for F:\UCSC\2nd year 1st sem\2204 FP\Practical 7\q1.scala. Using presentation compiler with project's scala-library version: 3.3.3
2024.08.05 11:10:24 INFO  no build target found for F:\UCSC\2nd year 1st sem\2204 FP\Practical 7\q1.scala. Using presentation compiler with project's scala-library version: 3.3.3
2024.08.05 11:10:24 INFO  no build target found for F:\UCSC\2nd year 1st sem\2204 FP\Practical 7\q1.scala. Using presentation compiler with project's scala-library version: 3.3.3
2024.08.05 11:10:24 INFO  no build target found for F:\UCSC\2nd year 1st sem\2204 FP\Practical 7\q1.scala. Using presentation compiler with project's scala-library version: 3.3.3
2024.08.05 11:10:24 INFO  no build target found for F:\UCSC\2nd year 1st sem\2204 FP\Practical 7\q1.scala. Using presentation compiler with project's scala-library version: 3.3.3
2024.08.05 11:10:25 INFO  no build target found for F:\UCSC\2nd year 1st sem\2204 FP\Practical 7\q1.scala. Using presentation compiler with project's scala-library version: 3.3.3
2024.08.05 11:10:24 INFO  no build target found for F:\UCSC\2nd year 1st sem\2204 FP\Practical 7\q1.scala. Using presentation compiler with project's scala-library version: 3.3.3
2024.08.05 11:10:24 INFO  no build target found for F:\UCSC\2nd year 1st sem\2204 FP\Practical 7\q1.scala. Using presentation compiler with project's scala-library version: 3.3.3
2024.08.05 11:10:25 INFO  no build target found for F:\UCSC\2nd year 1st sem\2204 FP\Practical 7\q1.scala. Using presentation compiler with project's scala-library version: 3.3.3
2024.08.05 11:10:24 INFO  no build target found for F:\UCSC\2nd year 1st sem\2204 FP\Practical 7\q1.scala. Using presentation compiler with project's scala-library version: 3.3.3
2024.08.05 11:10:28 INFO  no build target found for F:\UCSC\2nd year 1st sem\2204 FP\Practical 7\q1.scala. Using presentation compiler with project's scala-library version: 3.3.3
2024.08.05 11:10:33 INFO  no build target found for F:\UCSC\2nd year 1st sem\2204 FP\Practical 7\q1.scala. Using presentation compiler with project's scala-library version: 3.3.3
2024.08.05 11:10:33 INFO  no build target found for F:\UCSC\2nd year 1st sem\2204 FP\Practical 7\q1.scala. Using presentation compiler with project's scala-library version: 3.3.3
2024.08.05 11:10:33 INFO  no build target found for F:\UCSC\2nd year 1st sem\2204 FP\Practical 7\q1.scala. Using presentation compiler with project's scala-library version: 3.3.3
2024.08.05 11:10:37 INFO  no build target found for F:\UCSC\2nd year 1st sem\2204 FP\Practical 7\q1.scala. Using presentation compiler with project's scala-library version: 3.3.3
2024.08.05 11:10:37 INFO  no build target found for F:\UCSC\2nd year 1st sem\2204 FP\Practical 7\q1.scala. Using presentation compiler with project's scala-library version: 3.3.3
2024.08.05 11:10:38 INFO  no build target found for F:\UCSC\2nd year 1st sem\2204 FP\Practical 7\q1.scala. Using presentation compiler with project's scala-library version: 3.3.3
2024.08.05 11:10:37 INFO  no build target found for F:\UCSC\2nd year 1st sem\2204 FP\Practical 7\q1.scala. Using presentation compiler with project's scala-library version: 3.3.3
2024.08.05 11:10:38 INFO  no build target found for F:\UCSC\2nd year 1st sem\2204 FP\Practical 7\q1.scala. Using presentation compiler with project's scala-library version: 3.3.3
2024.08.05 11:10:38 INFO  no build target found for F:\UCSC\2nd year 1st sem\2204 FP\Practical 7\q1.scala. Using presentation compiler with project's scala-library version: 3.3.3
2024.08.05 11:10:43 INFO  no build target found for F:\UCSC\2nd year 1st sem\2204 FP\Practical 7\q1.scala. Using presentation compiler with project's scala-library version: 3.3.3
2024.08.05 11:10:43 INFO  no build target found for F:\UCSC\2nd year 1st sem\2204 FP\Practical 7\q1.scala. Using presentation compiler with project's scala-library version: 3.3.3
2024.08.05 11:10:43 INFO  no build target found for F:\UCSC\2nd year 1st sem\2204 FP\Practical 7\q1.scala. Using presentation compiler with project's scala-library version: 3.3.3
2024.08.05 11:10:43 INFO  no build target found for F:\UCSC\2nd year 1st sem\2204 FP\Practical 7\q1.scala. Using presentation compiler with project's scala-library version: 3.3.3
2024.08.05 11:10:43 INFO  no build target found for F:\UCSC\2nd year 1st sem\2204 FP\Practical 7\q1.scala. Using presentation compiler with project's scala-library version: 3.3.3
2024.08.05 11:10:43 INFO  no build target found for F:\UCSC\2nd year 1st sem\2204 FP\Practical 7\q1.scala. Using presentation compiler with project's scala-library version: 3.3.3
2024.08.05 11:10:43 INFO  no build target found for F:\UCSC\2nd year 1st sem\2204 FP\Practical 7\q1.scala. Using presentation compiler with project's scala-library version: 3.3.3
2024.08.05 11:10:43 INFO  no build target found for F:\UCSC\2nd year 1st sem\2204 FP\Practical 7\q1.scala. Using presentation compiler with project's scala-library version: 3.3.3
2024.08.05 11:10:43 INFO  no build target found for F:\UCSC\2nd year 1st sem\2204 FP\Practical 7\q1.scala. Using presentation compiler with project's scala-library version: 3.3.3
2024.08.05 11:10:43 INFO  no build target found for F:\UCSC\2nd year 1st sem\2204 FP\Practical 7\q1.scala. Using presentation compiler with project's scala-library version: 3.3.3
2024.08.05 11:10:44 INFO  no build target found for F:\UCSC\2nd year 1st sem\2204 FP\Practical 7\q1.scala. Using presentation compiler with project's scala-library version: 3.3.3
2024.08.05 11:10:45 INFO  no build target found for F:\UCSC\2nd year 1st sem\2204 FP\Practical 7\q1.scala. Using presentation compiler with project's scala-library version: 3.3.3
2024.08.05 11:10:45 INFO  no build target found for F:\UCSC\2nd year 1st sem\2204 FP\Practical 7\q1.scala. Using presentation compiler with project's scala-library version: 3.3.3
2024.08.05 11:10:45 INFO  no build target found for F:\UCSC\2nd year 1st sem\2204 FP\Practical 7\q1.scala. Using presentation compiler with project's scala-library version: 3.3.3
2024.08.05 11:10:45 INFO  no build target found for F:\UCSC\2nd year 1st sem\2204 FP\Practical 7\q1.scala. Using presentation compiler with project's scala-library version: 3.3.3
2024.08.05 11:10:45 INFO  no build target found for F:\UCSC\2nd year 1st sem\2204 FP\Practical 7\q1.scala. Using presentation compiler with project's scala-library version: 3.3.3
2024.08.05 11:10:45 INFO  no build target found for F:\UCSC\2nd year 1st sem\2204 FP\Practical 7\q1.scala. Using presentation compiler with project's scala-library version: 3.3.3
2024.08.05 11:10:45 INFO  no build target found for F:\UCSC\2nd year 1st sem\2204 FP\Practical 7\q1.scala. Using presentation compiler with project's scala-library version: 3.3.3
2024.08.05 11:10:45 INFO  no build target found for F:\UCSC\2nd year 1st sem\2204 FP\Practical 7\q1.scala. Using presentation compiler with project's scala-library version: 3.3.3
2024.08.05 11:10:45 INFO  no build target found for F:\UCSC\2nd year 1st sem\2204 FP\Practical 7\q1.scala. Using presentation compiler with project's scala-library version: 3.3.3
2024.08.05 11:10:45 INFO  no build target found for F:\UCSC\2nd year 1st sem\2204 FP\Practical 7\q1.scala. Using presentation compiler with project's scala-library version: 3.3.3
2024.08.05 11:10:45 INFO  no build target found for F:\UCSC\2nd year 1st sem\2204 FP\Practical 7\q1.scala. Using presentation compiler with project's scala-library version: 3.3.3
2024.08.05 11:10:46 INFO  no build target found for F:\UCSC\2nd year 1st sem\2204 FP\Practical 7\q1.scala. Using presentation compiler with project's scala-library version: 3.3.3
2024.08.05 11:10:46 INFO  no build target found for F:\UCSC\2nd year 1st sem\2204 FP\Practical 7\q1.scala. Using presentation compiler with project's scala-library version: 3.3.3
2024.08.05 11:10:45 INFO  no build target found for F:\UCSC\2nd year 1st sem\2204 FP\Practical 7\q1.scala. Using presentation compiler with project's scala-library version: 3.3.3
2024.08.05 11:10:46 INFO  no build target found for F:\UCSC\2nd year 1st sem\2204 FP\Practical 7\q1.scala. Using presentation compiler with project's scala-library version: 3.3.3
2024.08.05 11:10:47 INFO  no build target found for F:\UCSC\2nd year 1st sem\2204 FP\Practical 7\q1.scala. Using presentation compiler with project's scala-library version: 3.3.3
2024.08.05 11:10:46 INFO  no build target found for F:\UCSC\2nd year 1st sem\2204 FP\Practical 7\q1.scala. Using presentation compiler with project's scala-library version: 3.3.3
2024.08.05 11:10:47 INFO  no build target found for F:\UCSC\2nd year 1st sem\2204 FP\Practical 7\q1.scala. Using presentation compiler with project's scala-library version: 3.3.3
2024.08.05 11:10:47 INFO  no build target found for F:\UCSC\2nd year 1st sem\2204 FP\Practical 7\q1.scala. Using presentation compiler with project's scala-library version: 3.3.3
2024.08.05 11:10:47 INFO  no build target found for F:\UCSC\2nd year 1st sem\2204 FP\Practical 7\q1.scala. Using presentation compiler with project's scala-library version: 3.3.3
2024.08.05 11:10:47 INFO  no build target found for F:\UCSC\2nd year 1st sem\2204 FP\Practical 7\q1.scala. Using presentation compiler with project's scala-library version: 3.3.3
2024.08.05 11:10:47 INFO  no build target found for F:\UCSC\2nd year 1st sem\2204 FP\Practical 7\q1.scala. Using presentation compiler with project's scala-library version: 3.3.3
2024.08.05 11:10:48 INFO  no build target found for F:\UCSC\2nd year 1st sem\2204 FP\Practical 7\q1.scala. Using presentation compiler with project's scala-library version: 3.3.3
2024.08.05 11:10:48 INFO  no build target found for F:\UCSC\2nd year 1st sem\2204 FP\Practical 7\q1.scala. Using presentation compiler with project's scala-library version: 3.3.3
2024.08.05 11:10:48 INFO  no build target found for F:\UCSC\2nd year 1st sem\2204 FP\Practical 7\q1.scala. Using presentation compiler with project's scala-library version: 3.3.3
2024.08.05 11:10:48 INFO  no build target found for F:\UCSC\2nd year 1st sem\2204 FP\Practical 7\q1.scala. Using presentation compiler with project's scala-library version: 3.3.3
2024.08.05 11:10:48 INFO  no build target found for F:\UCSC\2nd year 1st sem\2204 FP\Practical 7\q1.scala. Using presentation compiler with project's scala-library version: 3.3.3
2024.08.05 11:10:49 INFO  no build target found for F:\UCSC\2nd year 1st sem\2204 FP\Practical 7\q1.scala. Using presentation compiler with project's scala-library version: 3.3.3
2024.08.05 11:10:50 INFO  no build target found for F:\UCSC\2nd year 1st sem\2204 FP\Practical 7\q1.scala. Using presentation compiler with project's scala-library version: 3.3.3
2024.08.05 11:10:50 INFO  no build target found for F:\UCSC\2nd year 1st sem\2204 FP\Practical 7\q1.scala. Using presentation compiler with project's scala-library version: 3.3.3
2024.08.05 11:10:50 INFO  no build target found for F:\UCSC\2nd year 1st sem\2204 FP\Practical 7\q1.scala. Using presentation compiler with project's scala-library version: 3.3.3
2024.08.05 11:10:50 INFO  no build target found for F:\UCSC\2nd year 1st sem\2204 FP\Practical 7\q1.scala. Using presentation compiler with project's scala-library version: 3.3.3
2024.08.05 11:10:51 INFO  no build target found for F:\UCSC\2nd year 1st sem\2204 FP\Practical 7\q1.scala. Using presentation compiler with project's scala-library version: 3.3.3
2024.08.05 11:10:51 INFO  no build target found for F:\UCSC\2nd year 1st sem\2204 FP\Practical 7\q1.scala. Using presentation compiler with project's scala-library version: 3.3.3
2024.08.05 11:11:01 INFO  no build target found for F:\UCSC\2nd year 1st sem\2204 FP\Practical 7\q1.scala. Using presentation compiler with project's scala-library version: 3.3.3
2024.08.05 11:11:01 INFO  no build target found for F:\UCSC\2nd year 1st sem\2204 FP\Practical 7\q1.scala. Using presentation compiler with project's scala-library version: 3.3.3
2024.08.05 11:11:01 INFO  no build target found for F:\UCSC\2nd year 1st sem\2204 FP\Practical 7\q1.scala. Using presentation compiler with project's scala-library version: 3.3.3
2024.08.05 11:11:01 INFO  no build target found for F:\UCSC\2nd year 1st sem\2204 FP\Practical 7\q1.scala. Using presentation compiler with project's scala-library version: 3.3.3
2024.08.05 11:11:02 INFO  no build target found for F:\UCSC\2nd year 1st sem\2204 FP\Practical 7\q1.scala. Using presentation compiler with project's scala-library version: 3.3.3
2024.08.05 11:11:02 INFO  no build target found for F:\UCSC\2nd year 1st sem\2204 FP\Practical 7\q1.scala. Using presentation compiler with project's scala-library version: 3.3.3
2024.08.05 11:11:02 INFO  no build target found for F:\UCSC\2nd year 1st sem\2204 FP\Practical 7\q1.scala. Using presentation compiler with project's scala-library version: 3.3.3
2024.08.05 11:11:02 INFO  no build target found for F:\UCSC\2nd year 1st sem\2204 FP\Practical 7\q1.scala. Using presentation compiler with project's scala-library version: 3.3.3
2024.08.05 11:11:02 INFO  no build target found for F:\UCSC\2nd year 1st sem\2204 FP\Practical 7\q1.scala. Using presentation compiler with project's scala-library version: 3.3.3
2024.08.05 11:11:02 INFO  no build target found for F:\UCSC\2nd year 1st sem\2204 FP\Practical 7\q1.scala. Using presentation compiler with project's scala-library version: 3.3.3
2024.08.05 11:11:03 INFO  no build target found for F:\UCSC\2nd year 1st sem\2204 FP\Practical 7\q1.scala. Using presentation compiler with project's scala-library version: 3.3.3
2024.08.05 11:11:03 INFO  no build target found for F:\UCSC\2nd year 1st sem\2204 FP\Practical 7\q1.scala. Using presentation compiler with project's scala-library version: 3.3.3
2024.08.05 11:11:03 INFO  no build target found for F:\UCSC\2nd year 1st sem\2204 FP\Practical 7\q1.scala. Using presentation compiler with project's scala-library version: 3.3.3
2024.08.05 11:11:02 INFO  no build target found for F:\UCSC\2nd year 1st sem\2204 FP\Practical 7\q1.scala. Using presentation compiler with project's scala-library version: 3.3.3
2024.08.05 11:11:04 INFO  no build target found for F:\UCSC\2nd year 1st sem\2204 FP\Practical 7\q1.scala. Using presentation compiler with project's scala-library version: 3.3.3
2024.08.05 11:11:04 INFO  no build target found for F:\UCSC\2nd year 1st sem\2204 FP\Practical 7\q1.scala. Using presentation compiler with project's scala-library version: 3.3.3
2024.08.05 11:11:05 INFO  no build target found for F:\UCSC\2nd year 1st sem\2204 FP\Practical 7\q1.scala. Using presentation compiler with project's scala-library version: 3.3.3
2024.08.05 11:11:05 INFO  no build target found for F:\UCSC\2nd year 1st sem\2204 FP\Practical 7\q1.scala. Using presentation compiler with project's scala-library version: 3.3.3
2024.08.05 11:11:04 INFO  no build target found for F:\UCSC\2nd year 1st sem\2204 FP\Practical 7\q1.scala. Using presentation compiler with project's scala-library version: 3.3.3
2024.08.05 11:11:04 INFO  no build target found for F:\UCSC\2nd year 1st sem\2204 FP\Practical 7\q1.scala. Using presentation compiler with project's scala-library version: 3.3.3
2024.08.05 11:11:05 INFO  no build target found for F:\UCSC\2nd year 1st sem\2204 FP\Practical 7\q1.scala. Using presentation compiler with project's scala-library version: 3.3.3
2024.08.05 11:11:05 INFO  no build target found for F:\UCSC\2nd year 1st sem\2204 FP\Practical 7\q1.scala. Using presentation compiler with project's scala-library version: 3.3.3
2024.08.05 11:11:05 INFO  no build target found for F:\UCSC\2nd year 1st sem\2204 FP\Practical 7\q1.scala. Using presentation compiler with project's scala-library version: 3.3.3
2024.08.05 11:11:06 INFO  no build target found for F:\UCSC\2nd year 1st sem\2204 FP\Practical 7\q1.scala. Using presentation compiler with project's scala-library version: 3.3.3
2024.08.05 11:11:06 INFO  no build target found for F:\UCSC\2nd year 1st sem\2204 FP\Practical 7\q1.scala. Using presentation compiler with project's scala-library version: 3.3.3
2024.08.05 11:11:08 INFO  no build target found for F:\UCSC\2nd year 1st sem\2204 FP\Practical 7\q1.scala. Using presentation compiler with project's scala-library version: 3.3.3
2024.08.05 11:11:08 INFO  no build target found for F:\UCSC\2nd year 1st sem\2204 FP\Practical 7\q1.scala. Using presentation compiler with project's scala-library version: 3.3.3
2024.08.05 11:11:08 INFO  no build target found for F:\UCSC\2nd year 1st sem\2204 FP\Practical 7\q1.scala. Using presentation compiler with project's scala-library version: 3.3.3
2024.08.05 11:11:08 INFO  no build target found for F:\UCSC\2nd year 1st sem\2204 FP\Practical 7\q1.scala. Using presentation compiler with project's scala-library version: 3.3.3
2024.08.05 11:11:09 INFO  no build target found for F:\UCSC\2nd year 1st sem\2204 FP\Practical 7\q1.scala. Using presentation compiler with project's scala-library version: 3.3.3
2024.08.05 11:11:09 INFO  no build target found for F:\UCSC\2nd year 1st sem\2204 FP\Practical 7\q1.scala. Using presentation compiler with project's scala-library version: 3.3.3
2024.08.05 11:11:09 INFO  no build target found for F:\UCSC\2nd year 1st sem\2204 FP\Practical 7\q1.scala. Using presentation compiler with project's scala-library version: 3.3.3
2024.08.05 11:11:09 INFO  no build target found for F:\UCSC\2nd year 1st sem\2204 FP\Practical 7\q1.scala. Using presentation compiler with project's scala-library version: 3.3.3
2024.08.05 11:11:10 INFO  no build target found for F:\UCSC\2nd year 1st sem\2204 FP\Practical 7\q1.scala. Using presentation compiler with project's scala-library version: 3.3.3
2024.08.05 11:11:09 INFO  no build target found for F:\UCSC\2nd year 1st sem\2204 FP\Practical 7\q1.scala. Using presentation compiler with project's scala-library version: 3.3.3
2024.08.05 11:11:10 INFO  no build target found for F:\UCSC\2nd year 1st sem\2204 FP\Practical 7\q1.scala. Using presentation compiler with project's scala-library version: 3.3.3
2024.08.05 11:11:10 INFO  no build target found for F:\UCSC\2nd year 1st sem\2204 FP\Practical 7\q1.scala. Using presentation compiler with project's scala-library version: 3.3.3
2024.08.05 11:11:14 INFO  no build target found for F:\UCSC\2nd year 1st sem\2204 FP\Practical 7\q1.scala. Using presentation compiler with project's scala-library version: 3.3.3
2024.08.05 11:11:15 INFO  no build target found for F:\UCSC\2nd year 1st sem\2204 FP\Practical 7\q1.scala. Using presentation compiler with project's scala-library version: 3.3.3
2024.08.05 11:11:15 INFO  no build target found for F:\UCSC\2nd year 1st sem\2204 FP\Practical 7\q1.scala. Using presentation compiler with project's scala-library version: 3.3.3
2024.08.05 11:11:15 INFO  no build target found for F:\UCSC\2nd year 1st sem\2204 FP\Practical 7\q1.scala. Using presentation compiler with project's scala-library version: 3.3.3
2024.08.05 11:11:15 INFO  no build target found for F:\UCSC\2nd year 1st sem\2204 FP\Practical 7\q1.scala. Using presentation compiler with project's scala-library version: 3.3.3
2024.08.05 11:11:15 INFO  no build target found for F:\UCSC\2nd year 1st sem\2204 FP\Practical 7\q1.scala. Using presentation compiler with project's scala-library version: 3.3.3
2024.08.05 11:11:15 INFO  no build target found for F:\UCSC\2nd year 1st sem\2204 FP\Practical 7\q1.scala. Using presentation compiler with project's scala-library version: 3.3.3
2024.08.05 11:11:15 INFO  no build target found for F:\UCSC\2nd year 1st sem\2204 FP\Practical 7\q1.scala. Using presentation compiler with project's scala-library version: 3.3.3
2024.08.05 11:11:16 INFO  no build target found for F:\UCSC\2nd year 1st sem\2204 FP\Practical 7\q1.scala. Using presentation compiler with project's scala-library version: 3.3.3
2024.08.05 11:11:16 INFO  no build target found for F:\UCSC\2nd year 1st sem\2204 FP\Practical 7\q1.scala. Using presentation compiler with project's scala-library version: 3.3.3
2024.08.05 11:11:16 INFO  no build target found for F:\UCSC\2nd year 1st sem\2204 FP\Practical 7\q1.scala. Using presentation compiler with project's scala-library version: 3.3.3
2024.08.05 11:11:16 INFO  no build target found for F:\UCSC\2nd year 1st sem\2204 FP\Practical 7\q1.scala. Using presentation compiler with project's scala-library version: 3.3.3
2024.08.05 11:11:16 INFO  no build target found for F:\UCSC\2nd year 1st sem\2204 FP\Practical 7\q1.scala. Using presentation compiler with project's scala-library version: 3.3.3
2024.08.05 11:11:17 INFO  no build target found for F:\UCSC\2nd year 1st sem\2204 FP\Practical 7\q1.scala. Using presentation compiler with project's scala-library version: 3.3.3
2024.08.05 11:11:17 INFO  no build target found for F:\UCSC\2nd year 1st sem\2204 FP\Practical 7\q1.scala. Using presentation compiler with project's scala-library version: 3.3.3
2024.08.05 11:11:17 INFO  no build target found for F:\UCSC\2nd year 1st sem\2204 FP\Practical 7\q1.scala. Using presentation compiler with project's scala-library version: 3.3.3
Aug 05, 2024 11:11:17 AM org.eclipse.lsp4j.jsonrpc.RemoteEndpoint handleCancellation
WARNING: Unmatched cancel notification for request id 309
2024.08.05 11:11:17 INFO  no build target found for F:\UCSC\2nd year 1st sem\2204 FP\Practical 7\q1.scala. Using presentation compiler with project's scala-library version: 3.3.3
2024.08.05 11:11:18 INFO  no build target found for F:\UCSC\2nd year 1st sem\2204 FP\Practical 7\q1.scala. Using presentation compiler with project's scala-library version: 3.3.3
2024.08.05 11:11:19 INFO  no build target found for F:\UCSC\2nd year 1st sem\2204 FP\Practical 7\q1.scala. Using presentation compiler with project's scala-library version: 3.3.3
2024.08.05 11:11:19 INFO  no build target found for F:\UCSC\2nd year 1st sem\2204 FP\Practical 7\q1.scala. Using presentation compiler with project's scala-library version: 3.3.3
2024.08.05 11:11:19 INFO  no build target found for F:\UCSC\2nd year 1st sem\2204 FP\Practical 7\q1.scala. Using presentation compiler with project's scala-library version: 3.3.3
2024.08.05 11:11:19 INFO  no build target found for F:\UCSC\2nd year 1st sem\2204 FP\Practical 7\q1.scala. Using presentation compiler with project's scala-library version: 3.3.3
2024.08.05 11:11:19 INFO  no build target found for F:\UCSC\2nd year 1st sem\2204 FP\Practical 7\q1.scala. Using presentation compiler with project's scala-library version: 3.3.3
2024.08.05 11:11:19 INFO  no build target found for F:\UCSC\2nd year 1st sem\2204 FP\Practical 7\q1.scala. Using presentation compiler with project's scala-library version: 3.3.3
2024.08.05 11:11:20 INFO  no build target found for F:\UCSC\2nd year 1st sem\2204 FP\Practical 7\q1.scala. Using presentation compiler with project's scala-library version: 3.3.3
2024.08.05 11:11:20 INFO  no build target found for F:\UCSC\2nd year 1st sem\2204 FP\Practical 7\q1.scala. Using presentation compiler with project's scala-library version: 3.3.3
2024.08.05 11:11:20 INFO  no build target found for F:\UCSC\2nd year 1st sem\2204 FP\Practical 7\q1.scala. Using presentation compiler with project's scala-library version: 3.3.3
2024.08.05 11:11:20 INFO  no build target found for F:\UCSC\2nd year 1st sem\2204 FP\Practical 7\q1.scala. Using presentation compiler with project's scala-library version: 3.3.3
2024.08.05 11:11:20 INFO  no build target found for F:\UCSC\2nd year 1st sem\2204 FP\Practical 7\q1.scala. Using presentation compiler with project's scala-library version: 3.3.3
2024.08.05 11:11:20 INFO  no build target found for F:\UCSC\2nd year 1st sem\2204 FP\Practical 7\q1.scala. Using presentation compiler with project's scala-library version: 3.3.3
2024.08.05 11:11:20 INFO  no build target found for F:\UCSC\2nd year 1st sem\2204 FP\Practical 7\q1.scala. Using presentation compiler with project's scala-library version: 3.3.3
2024.08.05 11:11:22 INFO  no build target found for F:\UCSC\2nd year 1st sem\2204 FP\Practical 7\q1.scala. Using presentation compiler with project's scala-library version: 3.3.3
2024.08.05 11:11:22 INFO  no build target found for F:\UCSC\2nd year 1st sem\2204 FP\Practical 7\q1.scala. Using presentation compiler with project's scala-library version: 3.3.3
2024.08.05 11:11:23 INFO  no build target found for F:\UCSC\2nd year 1st sem\2204 FP\Practical 7\q1.scala. Using presentation compiler with project's scala-library version: 3.3.3
2024.08.05 11:11:22 INFO  no build target found for F:\UCSC\2nd year 1st sem\2204 FP\Practical 7\q1.scala. Using presentation compiler with project's scala-library version: 3.3.3
2024.08.05 11:11:23 INFO  no build target found for F:\UCSC\2nd year 1st sem\2204 FP\Practical 7\q1.scala. Using presentation compiler with project's scala-library version: 3.3.3
2024.08.05 11:11:23 INFO  no build target found for F:\UCSC\2nd year 1st sem\2204 FP\Practical 7\q1.scala. Using presentation compiler with project's scala-library version: 3.3.3
2024.08.05 11:11:26 INFO  no build target found for F:\UCSC\2nd year 1st sem\2204 FP\Practical 7\q1.scala. Using presentation compiler with project's scala-library version: 3.3.3
2024.08.05 11:11:26 INFO  no build target found for F:\UCSC\2nd year 1st sem\2204 FP\Practical 7\q1.scala. Using presentation compiler with project's scala-library version: 3.3.3
2024.08.05 11:11:26 INFO  no build target found for F:\UCSC\2nd year 1st sem\2204 FP\Practical 7\q1.scala. Using presentation compiler with project's scala-library version: 3.3.3
2024.08.05 11:11:26 INFO  no build target found for F:\UCSC\2nd year 1st sem\2204 FP\Practical 7\q1.scala. Using presentation compiler with project's scala-library version: 3.3.3
2024.08.05 11:11:27 INFO  no build target found for F:\UCSC\2nd year 1st sem\2204 FP\Practical 7\q1.scala. Using presentation compiler with project's scala-library version: 3.3.3
2024.08.05 11:11:27 INFO  no build target found for F:\UCSC\2nd year 1st sem\2204 FP\Practical 7\q1.scala. Using presentation compiler with project's scala-library version: 3.3.3
2024.08.05 11:11:27 INFO  no build target found for F:\UCSC\2nd year 1st sem\2204 FP\Practical 7\q1.scala. Using presentation compiler with project's scala-library version: 3.3.3
2024.08.05 11:11:39 INFO  no build target found for F:\UCSC\2nd year 1st sem\2204 FP\Practical 7\q1.scala. Using presentation compiler with project's scala-library version: 3.3.3
2024.08.05 11:11:43 INFO  no build target found for F:\UCSC\2nd year 1st sem\2204 FP\Practical 7\q1.scala. Using presentation compiler with project's scala-library version: 3.3.3
2024.08.05 11:11:44 INFO  no build target found for F:\UCSC\2nd year 1st sem\2204 FP\Practical 7\q1.scala. Using presentation compiler with project's scala-library version: 3.3.3
2024.08.05 11:11:44 INFO  no build target found for F:\UCSC\2nd year 1st sem\2204 FP\Practical 7\q1.scala. Using presentation compiler with project's scala-library version: 3.3.3
2024.08.05 11:11:43 INFO  no build target found for F:\UCSC\2nd year 1st sem\2204 FP\Practical 7\q1.scala. Using presentation compiler with project's scala-library version: 3.3.3
2024.08.05 11:11:44 INFO  no build target found for F:\UCSC\2nd year 1st sem\2204 FP\Practical 7\q1.scala. Using presentation compiler with project's scala-library version: 3.3.3
2024.08.05 11:11:44 INFO  no build target found for F:\UCSC\2nd year 1st sem\2204 FP\Practical 7\q1.scala. Using presentation compiler with project's scala-library version: 3.3.3
2024.08.05 11:13:14 INFO  no build target found for F:\UCSC\2nd year 1st sem\2204 FP\Practical 7\q1.scala. Using presentation compiler with project's scala-library version: 3.3.3
2024.08.05 11:13:14 INFO  no build target found for F:\UCSC\2nd year 1st sem\2204 FP\Practical 7\q1.scala. Using presentation compiler with project's scala-library version: 3.3.3
2024.08.05 11:13:14 INFO  no build target found for F:\UCSC\2nd year 1st sem\2204 FP\Practical 7\q1.scala. Using presentation compiler with project's scala-library version: 3.3.3
2024.08.05 11:13:23 INFO  no build target found for F:\UCSC\2nd year 1st sem\2204 FP\Practical 7\q1.scala. Using presentation compiler with project's scala-library version: 3.3.3
2024.08.05 11:13:34 WARN  no build target for: F:\UCSC\2nd year 1st sem\2204 FP\Practical 7\q1.scala
2024.08.05 11:13:34 INFO  no build target found for F:\UCSC\2nd year 1st sem\2204 FP\Practical 7\q1.scala. Using presentation compiler with project's scala-library version: 3.3.3
2024.08.05 11:13:41 WARN  no build target for: F:\UCSC\2nd year 1st sem\2204 FP\Practical 7\q1.scala
2024.08.05 11:13:41 INFO  no build target found for F:\UCSC\2nd year 1st sem\2204 FP\Practical 7\q1.scala. Using presentation compiler with project's scala-library version: 3.3.3
2024.08.05 11:16:50 INFO  no build target found for F:\UCSC\2nd year 1st sem\2204 FP\Practical 7\q1.scala. Using presentation compiler with project's scala-library version: 3.3.3
2024.08.05 11:16:52 INFO  no build target found for F:\UCSC\2nd year 1st sem\2204 FP\Practical 7\q1.scala. Using presentation compiler with project's scala-library version: 3.3.3
2024.08.05 11:16:52 INFO  no build target found for F:\UCSC\2nd year 1st sem\2204 FP\Practical 7\q1.scala. Using presentation compiler with project's scala-library version: 3.3.3
2024.08.05 11:16:52 INFO  no build target found for F:\UCSC\2nd year 1st sem\2204 FP\Practical 7\q1.scala. Using presentation compiler with project's scala-library version: 3.3.3
2024.08.05 11:16:54 WARN  no build target for: F:\UCSC\2nd year 1st sem\2204 FP\Practical 7\q1.scala
2024.08.05 11:16:54 INFO  no build target found for F:\UCSC\2nd year 1st sem\2204 FP\Practical 7\q1.scala. Using presentation compiler with project's scala-library version: 3.3.3
2024.08.05 11:16:56 INFO  no build target found for F:\UCSC\2nd year 1st sem\2204 FP\Practical 7\q1.scala. Using presentation compiler with project's scala-library version: 3.3.3
2024.08.05 11:16:56 INFO  no build target found for F:\UCSC\2nd year 1st sem\2204 FP\Practical 7\q1.scala. Using presentation compiler with project's scala-library version: 3.3.3
2024.08.05 11:16:56 INFO  no build target found for F:\UCSC\2nd year 1st sem\2204 FP\Practical 7\q1.scala. Using presentation compiler with project's scala-library version: 3.3.3
2024.08.05 11:16:58 INFO  no build target found for F:\UCSC\2nd year 1st sem\2204 FP\Practical 7\q1.scala. Using presentation compiler with project's scala-library version: 3.3.3
2024.08.05 11:16:58 INFO  no build target found for F:\UCSC\2nd year 1st sem\2204 FP\Practical 7\q1.scala. Using presentation compiler with project's scala-library version: 3.3.3
2024.08.05 11:16:58 INFO  no build target found for F:\UCSC\2nd year 1st sem\2204 FP\Practical 7\q1.scala. Using presentation compiler with project's scala-library version: 3.3.3
2024.08.05 11:17:00 INFO  no build target found for F:\UCSC\2nd year 1st sem\2204 FP\Practical 7\q1.scala. Using presentation compiler with project's scala-library version: 3.3.3
2024.08.05 11:17:00 INFO  no build target found for F:\UCSC\2nd year 1st sem\2204 FP\Practical 7\q1.scala. Using presentation compiler with project's scala-library version: 3.3.3
2024.08.05 11:17:00 INFO  no build target found for F:\UCSC\2nd year 1st sem\2204 FP\Practical 7\q1.scala. Using presentation compiler with project's scala-library version: 3.3.3
2024.08.05 11:17:02 INFO  no build target found for F:\UCSC\2nd year 1st sem\2204 FP\Practical 7\q1.scala. Using presentation compiler with project's scala-library version: 3.3.3
2024.08.05 11:17:02 INFO  no build target found for F:\UCSC\2nd year 1st sem\2204 FP\Practical 7\q1.scala. Using presentation compiler with project's scala-library version: 3.3.3
2024.08.05 11:17:02 INFO  no build target found for F:\UCSC\2nd year 1st sem\2204 FP\Practical 7\q1.scala. Using presentation compiler with project's scala-library version: 3.3.3
2024.08.05 11:17:11 WARN  no build target for: F:\UCSC\2nd year 1st sem\2204 FP\Practical 7\q1.scala
2024.08.05 11:17:12 INFO  no build target found for F:\UCSC\2nd year 1st sem\2204 FP\Practical 7\q1.scala. Using presentation compiler with project's scala-library version: 3.3.3
2024.08.05 11:20:53 INFO  no build target found for F:\UCSC\2nd year 1st sem\2204 FP\Practical 7\q1.scala. Using presentation compiler with project's scala-library version: 3.3.3
2024.08.05 11:20:53 WARN  no build target for: F:\UCSC\2nd year 1st sem\2204 FP\Practical 7\q1.scala
2024.08.05 11:20:53 INFO  no build target found for F:\UCSC\2nd year 1st sem\2204 FP\Practical 7\q1.scala. Using presentation compiler with project's scala-library version: 3.3.3
2024.08.05 11:20:53 INFO  no build target found for F:\UCSC\2nd year 1st sem\2204 FP\Practical 7\q1.scala. Using presentation compiler with project's scala-library version: 3.3.3
2024.08.05 11:20:54 WARN  no build target for: F:\UCSC\2nd year 1st sem\2204 FP\Practical 7\q1.scala
2024.08.05 11:20:54 INFO  no build target found for F:\UCSC\2nd year 1st sem\2204 FP\Practical 7\q1.scala. Using presentation compiler with project's scala-library version: 3.3.3
2024.08.05 11:21:19 INFO  no build target found for F:\UCSC\2nd year 1st sem\2204 FP\Practical 7\q1.scala. Using presentation compiler with project's scala-library version: 3.3.3
2024.08.05 11:21:19 INFO  no build target found for F:\UCSC\2nd year 1st sem\2204 FP\Practical 7\q1.scala. Using presentation compiler with project's scala-library version: 3.3.3
2024.08.05 11:27:33 INFO  no build target found for F:\UCSC\2nd year 1st sem\2204 FP\Practical 7\q1.scala. Using presentation compiler with project's scala-library version: 3.3.3
2024.08.05 11:27:47 INFO  no build target found for F:\UCSC\2nd year 1st sem\2204 FP\Practical 7\q2.scala. Using presentation compiler with project's scala-library version: 3.3.3
2024.08.05 11:27:47 INFO  running doctor check
2024.08.05 11:27:47 INFO  java targets: 
2024.08.05 11:27:47 INFO  no build target found for F:\UCSC\2nd year 1st sem\2204 FP\Practical 7\q2.scala. Using presentation compiler with project's scala-library version: 3.3.3
2024.08.05 11:27:47 INFO  no build target found for F:\UCSC\2nd year 1st sem\2204 FP\Practical 7\q2.scala. Using presentation compiler with project's scala-library version: 3.3.3
2024.08.05 11:27:47 INFO  compiling practical 7_f4dd477a3a (2 scala sources)
2024.08.05 11:27:48 WARN  Could not find semantic tokens for: file:///F:/UCSC/2nd%20year%201st%20sem/2204%20FP/Practical%207/q2.scala
2024.08.05 11:27:50 INFO  no build target found for F:\UCSC\2nd year 1st sem\2204 FP\Practical 7\q2.scala. Using presentation compiler with project's scala-library version: 3.3.3
2024.08.05 11:27:50 INFO  no build target found for F:\UCSC\2nd year 1st sem\2204 FP\Practical 7\q2.scala. Using presentation compiler with project's scala-library version: 3.3.3
2024.08.05 11:27:50 INFO  no build target found for F:\UCSC\2nd year 1st sem\2204 FP\Practical 7\q2.scala. Using presentation compiler with project's scala-library version: 3.3.3
2024.08.05 11:27:50 INFO  no build target found for F:\UCSC\2nd year 1st sem\2204 FP\Practical 7\q2.scala. Using presentation compiler with project's scala-library version: 3.3.3
Aug 05, 2024 11:27:51 AM org.eclipse.lsp4j.jsonrpc.RemoteEndpoint handleCancellation
WARNING: Unmatched cancel notification for request id 474
2024.08.05 11:27:50 INFO  no build target found for F:\UCSC\2nd year 1st sem\2204 FP\Practical 7\q2.scala. Using presentation compiler with project's scala-library version: 3.3.3
2024.08.05 11:27:51 INFO  no build target found for F:\UCSC\2nd year 1st sem\2204 FP\Practical 7\q2.scala. Using presentation compiler with project's scala-library version: 3.3.3
2024.08.05 11:27:51 WARN  Could not find semantic tokens for: file:///F:/UCSC/2nd%20year%201st%20sem/2204%20FP/Practical%207/q2.scala
2024.08.05 11:27:50 INFO  no build target found for F:\UCSC\2nd year 1st sem\2204 FP\Practical 7\q2.scala. Using presentation compiler with project's scala-library version: 3.3.3
2024.08.05 11:27:51 INFO  no build target found for F:\UCSC\2nd year 1st sem\2204 FP\Practical 7\q2.scala. Using presentation compiler with project's scala-library version: 3.3.3
2024.08.05 11:27:51 INFO  no build target found for F:\UCSC\2nd year 1st sem\2204 FP\Practical 7\q2.scala. Using presentation compiler with project's scala-library version: 3.3.3
2024.08.05 11:27:51 WARN  Could not find semantic tokens for: file:///F:/UCSC/2nd%20year%201st%20sem/2204%20FP/Practical%207/q2.scala
2024.08.05 11:27:52 INFO  time: indexed workspace in 4.22s
2024.08.05 11:27:52 WARN  no build target for: F:\UCSC\2nd year 1st sem\2204 FP\Practical 7\q2.scala
2024.08.05 11:27:51 INFO  no build target found for F:\UCSC\2nd year 1st sem\2204 FP\Practical 7\q2.scala. Using presentation compiler with project's scala-library version: 3.3.3
2024.08.05 11:27:51 INFO  no build target found for F:\UCSC\2nd year 1st sem\2204 FP\Practical 7\q2.scala. Using presentation compiler with project's scala-library version: 3.3.3
2024.08.05 11:27:51 WARN  Could not find semantic tokens for: file:///F:/UCSC/2nd%20year%201st%20sem/2204%20FP/Practical%207/q2.scala
2024.08.05 11:27:52 INFO  no build target found for F:\UCSC\2nd year 1st sem\2204 FP\Practical 7\q2.scala. Using presentation compiler with project's scala-library version: 3.3.3
2024.08.05 11:27:51 INFO  no build target found for F:\UCSC\2nd year 1st sem\2204 FP\Practical 7\q2.scala. Using presentation compiler with project's scala-library version: 3.3.3
2024.08.05 11:27:51 INFO  no build target found for F:\UCSC\2nd year 1st sem\2204 FP\Practical 7\q2.scala. Using presentation compiler with project's scala-library version: 3.3.3
2024.08.05 11:27:51 INFO  no build target found for F:\UCSC\2nd year 1st sem\2204 FP\Practical 7\q2.scala. Using presentation compiler with project's scala-library version: 3.3.3
2024.08.05 11:27:52 INFO  no build target found for F:\UCSC\2nd year 1st sem\2204 FP\Practical 7\q2.scala. Using presentation compiler with project's scala-library version: 3.3.3
2024.08.05 11:27:52 INFO  no build target found for F:\UCSC\2nd year 1st sem\2204 FP\Practical 7\q2.scala. Using presentation compiler with project's scala-library version: 3.3.3
2024.08.05 11:27:54 INFO  no build target found for F:\UCSC\2nd year 1st sem\2204 FP\Practical 7\q2.scala. Using presentation compiler with project's scala-library version: 3.3.3
2024.08.05 11:27:54 INFO  no build target found for F:\UCSC\2nd year 1st sem\2204 FP\Practical 7\q2.scala. Using presentation compiler with project's scala-library version: 3.3.3
2024.08.05 11:27:54 INFO  no build target found for F:\UCSC\2nd year 1st sem\2204 FP\Practical 7\q2.scala. Using presentation compiler with project's scala-library version: 3.3.3
2024.08.05 11:27:54 INFO  no build target found for F:\UCSC\2nd year 1st sem\2204 FP\Practical 7\q2.scala. Using presentation compiler with project's scala-library version: 3.3.3
2024.08.05 11:27:54 INFO  no build target found for F:\UCSC\2nd year 1st sem\2204 FP\Practical 7\q2.scala. Using presentation compiler with project's scala-library version: 3.3.3
2024.08.05 11:27:54 INFO  no build target found for F:\UCSC\2nd year 1st sem\2204 FP\Practical 7\q2.scala. Using presentation compiler with project's scala-library version: 3.3.3
2024.08.05 11:27:55 INFO  no build target found for F:\UCSC\2nd year 1st sem\2204 FP\Practical 7\q2.scala. Using presentation compiler with project's scala-library version: 3.3.3
2024.08.05 11:27:55 INFO  no build target found for F:\UCSC\2nd year 1st sem\2204 FP\Practical 7\q2.scala. Using presentation compiler with project's scala-library version: 3.3.3
2024.08.05 11:27:55 INFO  no build target found for F:\UCSC\2nd year 1st sem\2204 FP\Practical 7\q2.scala. Using presentation compiler with project's scala-library version: 3.3.3
2024.08.05 11:27:55 INFO  no build target found for F:\UCSC\2nd year 1st sem\2204 FP\Practical 7\q2.scala. Using presentation compiler with project's scala-library version: 3.3.3
2024.08.05 11:27:55 INFO  no build target found for F:\UCSC\2nd year 1st sem\2204 FP\Practical 7\q2.scala. Using presentation compiler with project's scala-library version: 3.3.3
2024.08.05 11:27:55 INFO  no build target found for F:\UCSC\2nd year 1st sem\2204 FP\Practical 7\q2.scala. Using presentation compiler with project's scala-library version: 3.3.3
2024.08.05 11:27:55 INFO  no build target found for F:\UCSC\2nd year 1st sem\2204 FP\Practical 7\q2.scala. Using presentation compiler with project's scala-library version: 3.3.3
2024.08.05 11:27:56 INFO  no build target found for F:\UCSC\2nd year 1st sem\2204 FP\Practical 7\q2.scala. Using presentation compiler with project's scala-library version: 3.3.3
2024.08.05 11:27:56 INFO  no build target found for F:\UCSC\2nd year 1st sem\2204 FP\Practical 7\q2.scala. Using presentation compiler with project's scala-library version: 3.3.3
2024.08.05 11:27:56 INFO  no build target found for F:\UCSC\2nd year 1st sem\2204 FP\Practical 7\q2.scala. Using presentation compiler with project's scala-library version: 3.3.3
2024.08.05 11:27:56 INFO  no build target found for F:\UCSC\2nd year 1st sem\2204 FP\Practical 7\q2.scala. Using presentation compiler with project's scala-library version: 3.3.3
2024.08.05 11:27:56 INFO  no build target found for F:\UCSC\2nd year 1st sem\2204 FP\Practical 7\q2.scala. Using presentation compiler with project's scala-library version: 3.3.3
2024.08.05 11:27:56 INFO  no build target found for F:\UCSC\2nd year 1st sem\2204 FP\Practical 7\q2.scala. Using presentation compiler with project's scala-library version: 3.3.3
2024.08.05 11:27:56 INFO  no build target found for F:\UCSC\2nd year 1st sem\2204 FP\Practical 7\q2.scala. Using presentation compiler with project's scala-library version: 3.3.3
2024.08.05 11:27:57 INFO  no build target found for F:\UCSC\2nd year 1st sem\2204 FP\Practical 7\q2.scala. Using presentation compiler with project's scala-library version: 3.3.3
2024.08.05 11:27:57 INFO  no build target found for F:\UCSC\2nd year 1st sem\2204 FP\Practical 7\q2.scala. Using presentation compiler with project's scala-library version: 3.3.3
2024.08.05 11:27:57 INFO  no build target found for F:\UCSC\2nd year 1st sem\2204 FP\Practical 7\q2.scala. Using presentation compiler with project's scala-library version: 3.3.3
2024.08.05 11:27:57 INFO  no build target found for F:\UCSC\2nd year 1st sem\2204 FP\Practical 7\q2.scala. Using presentation compiler with project's scala-library version: 3.3.3
2024.08.05 11:27:57 INFO  no build target found for F:\UCSC\2nd year 1st sem\2204 FP\Practical 7\q2.scala. Using presentation compiler with project's scala-library version: 3.3.3
2024.08.05 11:27:58 INFO  no build target found for F:\UCSC\2nd year 1st sem\2204 FP\Practical 7\q2.scala. Using presentation compiler with project's scala-library version: 3.3.3
2024.08.05 11:27:58 INFO  no build target found for F:\UCSC\2nd year 1st sem\2204 FP\Practical 7\q2.scala. Using presentation compiler with project's scala-library version: 3.3.3
2024.08.05 11:27:57 INFO  no build target found for F:\UCSC\2nd year 1st sem\2204 FP\Practical 7\q2.scala. Using presentation compiler with project's scala-library version: 3.3.3
2024.08.05 11:27:59 INFO  no build target found for F:\UCSC\2nd year 1st sem\2204 FP\Practical 7\q2.scala. Using presentation compiler with project's scala-library version: 3.3.3
2024.08.05 11:27:59 INFO  no build target found for F:\UCSC\2nd year 1st sem\2204 FP\Practical 7\q2.scala. Using presentation compiler with project's scala-library version: 3.3.3
2024.08.05 11:41:17 INFO  no build target found for F:\UCSC\2nd year 1st sem\2204 FP\Practical 7\q2.scala. Using presentation compiler with project's scala-library version: 3.3.3
2024.08.05 11:41:17 INFO  no build target found for F:\UCSC\2nd year 1st sem\2204 FP\Practical 7\q2.scala. Using presentation compiler with project's scala-library version: 3.3.3
2024.08.05 11:41:17 INFO  no build target found for F:\UCSC\2nd year 1st sem\2204 FP\Practical 7\q2.scala. Using presentation compiler with project's scala-library version: 3.3.3
2024.08.05 11:41:18 INFO  no build target found for F:\UCSC\2nd year 1st sem\2204 FP\Practical 7\q2.scala. Using presentation compiler with project's scala-library version: 3.3.3
2024.08.05 11:41:18 INFO  no build target found for F:\UCSC\2nd year 1st sem\2204 FP\Practical 7\q2.scala. Using presentation compiler with project's scala-library version: 3.3.3
2024.08.05 11:41:18 INFO  no build target found for F:\UCSC\2nd year 1st sem\2204 FP\Practical 7\q2.scala. Using presentation compiler with project's scala-library version: 3.3.3
2024.08.05 11:41:27 INFO  no build target found for F:\UCSC\2nd year 1st sem\2204 FP\Practical 7\q2.scala. Using presentation compiler with project's scala-library version: 3.3.3
2024.08.05 11:41:27 INFO  no build target found for F:\UCSC\2nd year 1st sem\2204 FP\Practical 7\q2.scala. Using presentation compiler with project's scala-library version: 3.3.3
2024.08.05 11:41:27 INFO  no build target found for F:\UCSC\2nd year 1st sem\2204 FP\Practical 7\q2.scala. Using presentation compiler with project's scala-library version: 3.3.3
2024.08.05 11:41:28 INFO  no build target found for F:\UCSC\2nd year 1st sem\2204 FP\Practical 7\q2.scala. Using presentation compiler with project's scala-library version: 3.3.3
2024.08.05 11:41:28 WARN  no build target for: F:\UCSC\2nd year 1st sem\2204 FP\Practical 7\q2.scala
2024.08.05 11:41:27 INFO  no build target found for F:\UCSC\2nd year 1st sem\2204 FP\Practical 7\q2.scala. Using presentation compiler with project's scala-library version: 3.3.3
2024.08.05 11:41:28 INFO  no build target found for F:\UCSC\2nd year 1st sem\2204 FP\Practical 7\q2.scala. Using presentation compiler with project's scala-library version: 3.3.3
2024.08.05 11:42:11 INFO  no build target found for F:\UCSC\2nd year 1st sem\2204 FP\Practical 7\q3.scala. Using presentation compiler with project's scala-library version: 3.3.3
2024.08.05 11:42:12 INFO  running doctor check
2024.08.05 11:42:12 INFO  java targets: 
2024.08.05 11:42:12 INFO  compiling practical 7_f4dd477a3a (3 scala sources)
2024.08.05 11:42:12 INFO  no build target found for F:\UCSC\2nd year 1st sem\2204 FP\Practical 7\q3.scala. Using presentation compiler with project's scala-library version: 3.3.3
2024.08.05 11:42:12 INFO  no build target found for F:\UCSC\2nd year 1st sem\2204 FP\Practical 7\q3.scala. Using presentation compiler with project's scala-library version: 3.3.3
2024.08.05 11:42:12 WARN  Could not find semantic tokens for: file:///F:/UCSC/2nd%20year%201st%20sem/2204%20FP/Practical%207/q3.scala
2024.08.05 11:42:14 INFO  no build target found for F:\UCSC\2nd year 1st sem\2204 FP\Practical 7\q3.scala. Using presentation compiler with project's scala-library version: 3.3.3
2024.08.05 11:42:14 INFO  no build target found for F:\UCSC\2nd year 1st sem\2204 FP\Practical 7\q3.scala. Using presentation compiler with project's scala-library version: 3.3.3
2024.08.05 11:42:14 INFO  no build target found for F:\UCSC\2nd year 1st sem\2204 FP\Practical 7\q3.scala. Using presentation compiler with project's scala-library version: 3.3.3
2024.08.05 11:42:14 WARN  Could not find semantic tokens for: file:///F:/UCSC/2nd%20year%201st%20sem/2204%20FP/Practical%207/q3.scala
2024.08.05 11:42:14 INFO  no build target found for F:\UCSC\2nd year 1st sem\2204 FP\Practical 7\q3.scala. Using presentation compiler with project's scala-library version: 3.3.3
2024.08.05 11:42:14 INFO  no build target found for F:\UCSC\2nd year 1st sem\2204 FP\Practical 7\q3.scala. Using presentation compiler with project's scala-library version: 3.3.3
2024.08.05 11:42:14 INFO  no build target found for F:\UCSC\2nd year 1st sem\2204 FP\Practical 7\q3.scala. Using presentation compiler with project's scala-library version: 3.3.3
2024.08.05 11:42:14 INFO  no build target found for F:\UCSC\2nd year 1st sem\2204 FP\Practical 7\q3.scala. Using presentation compiler with project's scala-library version: 3.3.3
2024.08.05 11:42:14 WARN  Could not find semantic tokens for: file:///F:/UCSC/2nd%20year%201st%20sem/2204%20FP/Practical%207/q3.scala
2024.08.05 11:42:15 INFO  no build target found for F:\UCSC\2nd year 1st sem\2204 FP\Practical 7\q3.scala. Using presentation compiler with project's scala-library version: 3.3.3
2024.08.05 11:42:15 INFO  no build target found for F:\UCSC\2nd year 1st sem\2204 FP\Practical 7\q3.scala. Using presentation compiler with project's scala-library version: 3.3.3
2024.08.05 11:42:15 INFO  no build target found for F:\UCSC\2nd year 1st sem\2204 FP\Practical 7\q3.scala. Using presentation compiler with project's scala-library version: 3.3.3
2024.08.05 11:42:15 WARN  Could not find semantic tokens for: file:///F:/UCSC/2nd%20year%201st%20sem/2204%20FP/Practical%207/q3.scala
2024.08.05 11:42:15 INFO  no build target found for F:\UCSC\2nd year 1st sem\2204 FP\Practical 7\q3.scala. Using presentation compiler with project's scala-library version: 3.3.3
2024.08.05 11:42:15 INFO  no build target found for F:\UCSC\2nd year 1st sem\2204 FP\Practical 7\q3.scala. Using presentation compiler with project's scala-library version: 3.3.3
2024.08.05 11:42:15 INFO  no build target found for F:\UCSC\2nd year 1st sem\2204 FP\Practical 7\q3.scala. Using presentation compiler with project's scala-library version: 3.3.3
2024.08.05 11:42:16 INFO  no build target found for F:\UCSC\2nd year 1st sem\2204 FP\Practical 7\q3.scala. Using presentation compiler with project's scala-library version: 3.3.3
2024.08.05 11:42:16 WARN  Could not find semantic tokens for: file:///F:/UCSC/2nd%20year%201st%20sem/2204%20FP/Practical%207/q3.scala
2024.08.05 11:42:16 INFO  time: indexed workspace in 4.06s
2024.08.05 11:42:16 WARN  no build target for: F:\UCSC\2nd year 1st sem\2204 FP\Practical 7\q3.scala
2024.08.05 11:42:16 INFO  no build target found for F:\UCSC\2nd year 1st sem\2204 FP\Practical 7\q3.scala. Using presentation compiler with project's scala-library version: 3.3.3
2024.08.05 11:42:16 WARN  Could not find semantic tokens for: file:///F:/UCSC/2nd%20year%201st%20sem/2204%20FP/Practical%207/q3.scala
2024.08.05 11:42:16 INFO  no build target found for F:\UCSC\2nd year 1st sem\2204 FP\Practical 7\q3.scala. Using presentation compiler with project's scala-library version: 3.3.3
2024.08.05 11:42:16 INFO  no build target found for F:\UCSC\2nd year 1st sem\2204 FP\Practical 7\q3.scala. Using presentation compiler with project's scala-library version: 3.3.3
2024.08.05 11:42:17 INFO  no build target found for F:\UCSC\2nd year 1st sem\2204 FP\Practical 7\q3.scala. Using presentation compiler with project's scala-library version: 3.3.3
2024.08.05 11:42:17 INFO  no build target found for F:\UCSC\2nd year 1st sem\2204 FP\Practical 7\q3.scala. Using presentation compiler with project's scala-library version: 3.3.3
2024.08.05 11:42:16 INFO  no build target found for F:\UCSC\2nd year 1st sem\2204 FP\Practical 7\q3.scala. Using presentation compiler with project's scala-library version: 3.3.3
2024.08.05 11:42:17 INFO  no build target found for F:\UCSC\2nd year 1st sem\2204 FP\Practical 7\q3.scala. Using presentation compiler with project's scala-library version: 3.3.3
2024.08.05 11:42:17 INFO  no build target found for F:\UCSC\2nd year 1st sem\2204 FP\Practical 7\q3.scala. Using presentation compiler with project's scala-library version: 3.3.3
2024.08.05 11:42:18 INFO  no build target found for F:\UCSC\2nd year 1st sem\2204 FP\Practical 7\q3.scala. Using presentation compiler with project's scala-library version: 3.3.3
2024.08.05 11:42:18 INFO  no build target found for F:\UCSC\2nd year 1st sem\2204 FP\Practical 7\q3.scala. Using presentation compiler with project's scala-library version: 3.3.3
2024.08.05 11:42:18 INFO  no build target found for F:\UCSC\2nd year 1st sem\2204 FP\Practical 7\q3.scala. Using presentation compiler with project's scala-library version: 3.3.3
2024.08.05 11:42:18 INFO  no build target found for F:\UCSC\2nd year 1st sem\2204 FP\Practical 7\q3.scala. Using presentation compiler with project's scala-library version: 3.3.3
2024.08.05 11:42:18 INFO  no build target found for F:\UCSC\2nd year 1st sem\2204 FP\Practical 7\q3.scala. Using presentation compiler with project's scala-library version: 3.3.3
2024.08.05 11:42:19 INFO  no build target found for F:\UCSC\2nd year 1st sem\2204 FP\Practical 7\q3.scala. Using presentation compiler with project's scala-library version: 3.3.3
2024.08.05 11:42:19 INFO  no build target found for F:\UCSC\2nd year 1st sem\2204 FP\Practical 7\q3.scala. Using presentation compiler with project's scala-library version: 3.3.3
2024.08.05 11:42:19 INFO  no build target found for F:\UCSC\2nd year 1st sem\2204 FP\Practical 7\q3.scala. Using presentation compiler with project's scala-library version: 3.3.3
2024.08.05 11:42:19 INFO  no build target found for F:\UCSC\2nd year 1st sem\2204 FP\Practical 7\q3.scala. Using presentation compiler with project's scala-library version: 3.3.3
2024.08.05 11:42:19 INFO  no build target found for F:\UCSC\2nd year 1st sem\2204 FP\Practical 7\q3.scala. Using presentation compiler with project's scala-library version: 3.3.3
2024.08.05 11:42:19 INFO  no build target found for F:\UCSC\2nd year 1st sem\2204 FP\Practical 7\q3.scala. Using presentation compiler with project's scala-library version: 3.3.3
2024.08.05 11:42:20 INFO  no build target found for F:\UCSC\2nd year 1st sem\2204 FP\Practical 7\q3.scala. Using presentation compiler with project's scala-library version: 3.3.3
2024.08.05 11:42:19 INFO  no build target found for F:\UCSC\2nd year 1st sem\2204 FP\Practical 7\q3.scala. Using presentation compiler with project's scala-library version: 3.3.3
2024.08.05 11:42:19 INFO  no build target found for F:\UCSC\2nd year 1st sem\2204 FP\Practical 7\q3.scala. Using presentation compiler with project's scala-library version: 3.3.3
2024.08.05 11:42:20 INFO  no build target found for F:\UCSC\2nd year 1st sem\2204 FP\Practical 7\q3.scala. Using presentation compiler with project's scala-library version: 3.3.3
2024.08.05 11:42:20 INFO  no build target found for F:\UCSC\2nd year 1st sem\2204 FP\Practical 7\q3.scala. Using presentation compiler with project's scala-library version: 3.3.3
2024.08.05 11:42:20 INFO  no build target found for F:\UCSC\2nd year 1st sem\2204 FP\Practical 7\q3.scala. Using presentation compiler with project's scala-library version: 3.3.3
2024.08.05 11:42:20 INFO  no build target found for F:\UCSC\2nd year 1st sem\2204 FP\Practical 7\q3.scala. Using presentation compiler with project's scala-library version: 3.3.3
2024.08.05 11:42:21 INFO  no build target found for F:\UCSC\2nd year 1st sem\2204 FP\Practical 7\q3.scala. Using presentation compiler with project's scala-library version: 3.3.3
2024.08.05 11:42:21 INFO  no build target found for F:\UCSC\2nd year 1st sem\2204 FP\Practical 7\q3.scala. Using presentation compiler with project's scala-library version: 3.3.3
2024.08.05 11:42:21 INFO  no build target found for F:\UCSC\2nd year 1st sem\2204 FP\Practical 7\q3.scala. Using presentation compiler with project's scala-library version: 3.3.3
2024.08.05 11:42:21 INFO  no build target found for F:\UCSC\2nd year 1st sem\2204 FP\Practical 7\q3.scala. Using presentation compiler with project's scala-library version: 3.3.3
2024.08.05 11:42:22 INFO  no build target found for F:\UCSC\2nd year 1st sem\2204 FP\Practical 7\q3.scala. Using presentation compiler with project's scala-library version: 3.3.3
2024.08.05 11:42:21 INFO  no build target found for F:\UCSC\2nd year 1st sem\2204 FP\Practical 7\q3.scala. Using presentation compiler with project's scala-library version: 3.3.3
2024.08.05 11:42:21 INFO  no build target found for F:\UCSC\2nd year 1st sem\2204 FP\Practical 7\q3.scala. Using presentation compiler with project's scala-library version: 3.3.3
2024.08.05 11:42:21 INFO  no build target found for F:\UCSC\2nd year 1st sem\2204 FP\Practical 7\q3.scala. Using presentation compiler with project's scala-library version: 3.3.3
2024.08.05 11:42:21 INFO  no build target found for F:\UCSC\2nd year 1st sem\2204 FP\Practical 7\q3.scala. Using presentation compiler with project's scala-library version: 3.3.3
2024.08.05 11:42:21 INFO  no build target found for F:\UCSC\2nd year 1st sem\2204 FP\Practical 7\q3.scala. Using presentation compiler with project's scala-library version: 3.3.3
2024.08.05 11:42:22 INFO  no build target found for F:\UCSC\2nd year 1st sem\2204 FP\Practical 7\q3.scala. Using presentation compiler with project's scala-library version: 3.3.3
2024.08.05 11:42:22 INFO  no build target found for F:\UCSC\2nd year 1st sem\2204 FP\Practical 7\q3.scala. Using presentation compiler with project's scala-library version: 3.3.3
2024.08.05 11:42:23 INFO  no build target found for F:\UCSC\2nd year 1st sem\2204 FP\Practical 7\q3.scala. Using presentation compiler with project's scala-library version: 3.3.3
2024.08.05 11:42:23 INFO  no build target found for F:\UCSC\2nd year 1st sem\2204 FP\Practical 7\q3.scala. Using presentation compiler with project's scala-library version: 3.3.3
2024.08.05 11:42:23 INFO  no build target found for F:\UCSC\2nd year 1st sem\2204 FP\Practical 7\q3.scala. Using presentation compiler with project's scala-library version: 3.3.3
2024.08.05 11:42:23 INFO  no build target found for F:\UCSC\2nd year 1st sem\2204 FP\Practical 7\q3.scala. Using presentation compiler with project's scala-library version: 3.3.3
2024.08.05 11:42:23 INFO  no build target found for F:\UCSC\2nd year 1st sem\2204 FP\Practical 7\q3.scala. Using presentation compiler with project's scala-library version: 3.3.3
2024.08.05 11:48:07 INFO  no build target found for F:\UCSC\2nd year 1st sem\2204 FP\Practical 7\q3.scala. Using presentation compiler with project's scala-library version: 3.3.3
2024.08.05 11:48:08 INFO  no build target found for F:\UCSC\2nd year 1st sem\2204 FP\Practical 7\q3.scala. Using presentation compiler with project's scala-library version: 3.3.3
2024.08.05 11:48:08 INFO  no build target found for F:\UCSC\2nd year 1st sem\2204 FP\Practical 7\q3.scala. Using presentation compiler with project's scala-library version: 3.3.3
2024.08.05 11:48:09 INFO  no build target found for F:\UCSC\2nd year 1st sem\2204 FP\Practical 7\q3.scala. Using presentation compiler with project's scala-library version: 3.3.3
2024.08.05 11:48:09 INFO  no build target found for F:\UCSC\2nd year 1st sem\2204 FP\Practical 7\q3.scala. Using presentation compiler with project's scala-library version: 3.3.3
2024.08.05 11:48:09 INFO  no build target found for F:\UCSC\2nd year 1st sem\2204 FP\Practical 7\q3.scala. Using presentation compiler with project's scala-library version: 3.3.3
2024.08.05 11:48:11 INFO  no build target found for F:\UCSC\2nd year 1st sem\2204 FP\Practical 7\q3.scala. Using presentation compiler with project's scala-library version: 3.3.3
2024.08.05 11:48:11 INFO  no build target found for F:\UCSC\2nd year 1st sem\2204 FP\Practical 7\q3.scala. Using presentation compiler with project's scala-library version: 3.3.3
2024.08.05 11:48:11 INFO  no build target found for F:\UCSC\2nd year 1st sem\2204 FP\Practical 7\q3.scala. Using presentation compiler with project's scala-library version: 3.3.3
2024.08.05 11:48:11 INFO  no build target found for F:\UCSC\2nd year 1st sem\2204 FP\Practical 7\q3.scala. Using presentation compiler with project's scala-library version: 3.3.3
2024.08.05 11:48:11 INFO  no build target found for F:\UCSC\2nd year 1st sem\2204 FP\Practical 7\q3.scala. Using presentation compiler with project's scala-library version: 3.3.3
2024.08.05 11:48:11 INFO  no build target found for F:\UCSC\2nd year 1st sem\2204 FP\Practical 7\q3.scala. Using presentation compiler with project's scala-library version: 3.3.3
2024.08.05 11:48:13 INFO  no build target found for F:\UCSC\2nd year 1st sem\2204 FP\Practical 7\q3.scala. Using presentation compiler with project's scala-library version: 3.3.3
2024.08.05 11:48:13 INFO  no build target found for F:\UCSC\2nd year 1st sem\2204 FP\Practical 7\q3.scala. Using presentation compiler with project's scala-library version: 3.3.3
2024.08.05 11:48:13 INFO  no build target found for F:\UCSC\2nd year 1st sem\2204 FP\Practical 7\q3.scala. Using presentation compiler with project's scala-library version: 3.3.3
2024.08.05 11:48:13 INFO  no build target found for F:\UCSC\2nd year 1st sem\2204 FP\Practical 7\q3.scala. Using presentation compiler with project's scala-library version: 3.3.3
2024.08.05 11:48:13 INFO  no build target found for F:\UCSC\2nd year 1st sem\2204 FP\Practical 7\q3.scala. Using presentation compiler with project's scala-library version: 3.3.3
2024.08.05 11:48:13 INFO  no build target found for F:\UCSC\2nd year 1st sem\2204 FP\Practical 7\q3.scala. Using presentation compiler with project's scala-library version: 3.3.3
2024.08.05 11:48:13 INFO  no build target found for F:\UCSC\2nd year 1st sem\2204 FP\Practical 7\q3.scala. Using presentation compiler with project's scala-library version: 3.3.3
2024.08.05 11:48:13 INFO  no build target found for F:\UCSC\2nd year 1st sem\2204 FP\Practical 7\q3.scala. Using presentation compiler with project's scala-library version: 3.3.3
2024.08.05 11:48:14 INFO  no build target found for F:\UCSC\2nd year 1st sem\2204 FP\Practical 7\q3.scala. Using presentation compiler with project's scala-library version: 3.3.3
2024.08.05 11:48:14 INFO  no build target found for F:\UCSC\2nd year 1st sem\2204 FP\Practical 7\q3.scala. Using presentation compiler with project's scala-library version: 3.3.3
2024.08.05 11:48:14 INFO  no build target found for F:\UCSC\2nd year 1st sem\2204 FP\Practical 7\q3.scala. Using presentation compiler with project's scala-library version: 3.3.3
2024.08.05 11:48:14 INFO  no build target found for F:\UCSC\2nd year 1st sem\2204 FP\Practical 7\q3.scala. Using presentation compiler with project's scala-library version: 3.3.3
2024.08.05 11:48:14 INFO  no build target found for F:\UCSC\2nd year 1st sem\2204 FP\Practical 7\q3.scala. Using presentation compiler with project's scala-library version: 3.3.3
2024.08.05 11:48:14 INFO  no build target found for F:\UCSC\2nd year 1st sem\2204 FP\Practical 7\q3.scala. Using presentation compiler with project's scala-library version: 3.3.3
2024.08.05 11:48:15 INFO  no build target found for F:\UCSC\2nd year 1st sem\2204 FP\Practical 7\q3.scala. Using presentation compiler with project's scala-library version: 3.3.3
2024.08.05 11:48:15 INFO  no build target found for F:\UCSC\2nd year 1st sem\2204 FP\Practical 7\q3.scala. Using presentation compiler with project's scala-library version: 3.3.3
2024.08.05 11:48:16 INFO  no build target found for F:\UCSC\2nd year 1st sem\2204 FP\Practical 7\q3.scala. Using presentation compiler with project's scala-library version: 3.3.3
2024.08.05 11:48:16 INFO  no build target found for F:\UCSC\2nd year 1st sem\2204 FP\Practical 7\q3.scala. Using presentation compiler with project's scala-library version: 3.3.3
2024.08.05 11:48:16 INFO  no build target found for F:\UCSC\2nd year 1st sem\2204 FP\Practical 7\q3.scala. Using presentation compiler with project's scala-library version: 3.3.3
2024.08.05 11:48:16 INFO  no build target found for F:\UCSC\2nd year 1st sem\2204 FP\Practical 7\q3.scala. Using presentation compiler with project's scala-library version: 3.3.3
2024.08.05 11:48:16 INFO  no build target found for F:\UCSC\2nd year 1st sem\2204 FP\Practical 7\q3.scala. Using presentation compiler with project's scala-library version: 3.3.3
2024.08.05 11:48:16 INFO  no build target found for F:\UCSC\2nd year 1st sem\2204 FP\Practical 7\q3.scala. Using presentation compiler with project's scala-library version: 3.3.3
2024.08.05 11:48:17 INFO  no build target found for F:\UCSC\2nd year 1st sem\2204 FP\Practical 7\q3.scala. Using presentation compiler with project's scala-library version: 3.3.3
2024.08.05 11:48:17 INFO  no build target found for F:\UCSC\2nd year 1st sem\2204 FP\Practical 7\q3.scala. Using presentation compiler with project's scala-library version: 3.3.3
2024.08.05 11:48:17 INFO  no build target found for F:\UCSC\2nd year 1st sem\2204 FP\Practical 7\q3.scala. Using presentation compiler with project's scala-library version: 3.3.3
2024.08.05 11:48:17 INFO  no build target found for F:\UCSC\2nd year 1st sem\2204 FP\Practical 7\q3.scala. Using presentation compiler with project's scala-library version: 3.3.3
2024.08.05 11:48:17 INFO  no build target found for F:\UCSC\2nd year 1st sem\2204 FP\Practical 7\q3.scala. Using presentation compiler with project's scala-library version: 3.3.3
2024.08.05 11:48:18 INFO  no build target found for F:\UCSC\2nd year 1st sem\2204 FP\Practical 7\q3.scala. Using presentation compiler with project's scala-library version: 3.3.3
2024.08.05 11:48:18 INFO  no build target found for F:\UCSC\2nd year 1st sem\2204 FP\Practical 7\q3.scala. Using presentation compiler with project's scala-library version: 3.3.3
2024.08.05 11:48:21 INFO  no build target found for F:\UCSC\2nd year 1st sem\2204 FP\Practical 7\q3.scala. Using presentation compiler with project's scala-library version: 3.3.3
2024.08.05 11:48:22 INFO  no build target found for F:\UCSC\2nd year 1st sem\2204 FP\Practical 7\q3.scala. Using presentation compiler with project's scala-library version: 3.3.3
2024.08.05 11:48:22 INFO  no build target found for F:\UCSC\2nd year 1st sem\2204 FP\Practical 7\q3.scala. Using presentation compiler with project's scala-library version: 3.3.3
2024.08.05 11:48:22 INFO  no build target found for F:\UCSC\2nd year 1st sem\2204 FP\Practical 7\q3.scala. Using presentation compiler with project's scala-library version: 3.3.3
2024.08.05 11:48:25 INFO  no build target found for F:\UCSC\2nd year 1st sem\2204 FP\Practical 7\q3.scala. Using presentation compiler with project's scala-library version: 3.3.3
2024.08.05 11:48:26 INFO  no build target found for F:\UCSC\2nd year 1st sem\2204 FP\Practical 7\q3.scala. Using presentation compiler with project's scala-library version: 3.3.3
2024.08.05 11:48:26 INFO  no build target found for F:\UCSC\2nd year 1st sem\2204 FP\Practical 7\q3.scala. Using presentation compiler with project's scala-library version: 3.3.3
2024.08.05 11:48:26 INFO  no build target found for F:\UCSC\2nd year 1st sem\2204 FP\Practical 7\q3.scala. Using presentation compiler with project's scala-library version: 3.3.3
2024.08.05 11:48:26 INFO  no build target found for F:\UCSC\2nd year 1st sem\2204 FP\Practical 7\q3.scala. Using presentation compiler with project's scala-library version: 3.3.3
2024.08.05 11:48:27 INFO  no build target found for F:\UCSC\2nd year 1st sem\2204 FP\Practical 7\q3.scala. Using presentation compiler with project's scala-library version: 3.3.3
2024.08.05 11:48:27 INFO  no build target found for F:\UCSC\2nd year 1st sem\2204 FP\Practical 7\q3.scala. Using presentation compiler with project's scala-library version: 3.3.3
2024.08.05 11:48:28 INFO  no build target found for F:\UCSC\2nd year 1st sem\2204 FP\Practical 7\q3.scala. Using presentation compiler with project's scala-library version: 3.3.3
2024.08.05 11:48:28 INFO  no build target found for F:\UCSC\2nd year 1st sem\2204 FP\Practical 7\q3.scala. Using presentation compiler with project's scala-library version: 3.3.3
2024.08.05 11:48:28 INFO  no build target found for F:\UCSC\2nd year 1st sem\2204 FP\Practical 7\q3.scala. Using presentation compiler with project's scala-library version: 3.3.3
2024.08.05 11:48:30 INFO  no build target found for F:\UCSC\2nd year 1st sem\2204 FP\Practical 7\q3.scala. Using presentation compiler with project's scala-library version: 3.3.3
2024.08.05 11:48:30 WARN  no build target for: F:\UCSC\2nd year 1st sem\2204 FP\Practical 7\q3.scala
2024.08.05 11:48:30 INFO  no build target found for F:\UCSC\2nd year 1st sem\2204 FP\Practical 7\q3.scala. Using presentation compiler with project's scala-library version: 3.3.3
2024.08.05 11:48:30 INFO  no build target found for F:\UCSC\2nd year 1st sem\2204 FP\Practical 7\q3.scala. Using presentation compiler with project's scala-library version: 3.3.3
2024.08.05 11:48:44 INFO  no build target found for F:\UCSC\2nd year 1st sem\2204 FP\Practical 7\q3.scala. Using presentation compiler with project's scala-library version: 3.3.3
2024.08.05 11:48:45 INFO  no build target found for F:\UCSC\2nd year 1st sem\2204 FP\Practical 7\q3.scala. Using presentation compiler with project's scala-library version: 3.3.3
2024.08.05 11:48:45 INFO  no build target found for F:\UCSC\2nd year 1st sem\2204 FP\Practical 7\q3.scala. Using presentation compiler with project's scala-library version: 3.3.3
2024.08.05 11:48:45 INFO  no build target found for F:\UCSC\2nd year 1st sem\2204 FP\Practical 7\q3.scala. Using presentation compiler with project's scala-library version: 3.3.3
2024.08.05 11:48:45 INFO  no build target found for F:\UCSC\2nd year 1st sem\2204 FP\Practical 7\q3.scala. Using presentation compiler with project's scala-library version: 3.3.3
2024.08.05 11:48:46 INFO  no build target found for F:\UCSC\2nd year 1st sem\2204 FP\Practical 7\q3.scala. Using presentation compiler with project's scala-library version: 3.3.3
2024.08.05 11:48:45 INFO  no build target found for F:\UCSC\2nd year 1st sem\2204 FP\Practical 7\q3.scala. Using presentation compiler with project's scala-library version: 3.3.3
2024.08.05 11:48:46 INFO  no build target found for F:\UCSC\2nd year 1st sem\2204 FP\Practical 7\q3.scala. Using presentation compiler with project's scala-library version: 3.3.3
2024.08.05 11:48:47 INFO  no build target found for F:\UCSC\2nd year 1st sem\2204 FP\Practical 7\q3.scala. Using presentation compiler with project's scala-library version: 3.3.3
2024.08.05 11:48:46 INFO  no build target found for F:\UCSC\2nd year 1st sem\2204 FP\Practical 7\q3.scala. Using presentation compiler with project's scala-library version: 3.3.3
2024.08.05 11:48:47 INFO  no build target found for F:\UCSC\2nd year 1st sem\2204 FP\Practical 7\q3.scala. Using presentation compiler with project's scala-library version: 3.3.3
2024.08.05 11:48:46 INFO  no build target found for F:\UCSC\2nd year 1st sem\2204 FP\Practical 7\q3.scala. Using presentation compiler with project's scala-library version: 3.3.3
2024.08.05 11:48:47 INFO  no build target found for F:\UCSC\2nd year 1st sem\2204 FP\Practical 7\q3.scala. Using presentation compiler with project's scala-library version: 3.3.3
2024.08.05 11:48:47 INFO  no build target found for F:\UCSC\2nd year 1st sem\2204 FP\Practical 7\q3.scala. Using presentation compiler with project's scala-library version: 3.3.3
2024.08.05 11:48:47 INFO  no build target found for F:\UCSC\2nd year 1st sem\2204 FP\Practical 7\q3.scala. Using presentation compiler with project's scala-library version: 3.3.3
2024.08.05 11:48:47 INFO  no build target found for F:\UCSC\2nd year 1st sem\2204 FP\Practical 7\q3.scala. Using presentation compiler with project's scala-library version: 3.3.3
2024.08.05 11:48:47 INFO  no build target found for F:\UCSC\2nd year 1st sem\2204 FP\Practical 7\q3.scala. Using presentation compiler with project's scala-library version: 3.3.3
2024.08.05 11:48:48 INFO  no build target found for F:\UCSC\2nd year 1st sem\2204 FP\Practical 7\q3.scala. Using presentation compiler with project's scala-library version: 3.3.3
2024.08.05 11:48:48 INFO  no build target found for F:\UCSC\2nd year 1st sem\2204 FP\Practical 7\q3.scala. Using presentation compiler with project's scala-library version: 3.3.3
2024.08.05 11:48:48 INFO  no build target found for F:\UCSC\2nd year 1st sem\2204 FP\Practical 7\q3.scala. Using presentation compiler with project's scala-library version: 3.3.3
2024.08.05 11:48:48 INFO  no build target found for F:\UCSC\2nd year 1st sem\2204 FP\Practical 7\q3.scala. Using presentation compiler with project's scala-library version: 3.3.3
2024.08.05 11:48:48 INFO  no build target found for F:\UCSC\2nd year 1st sem\2204 FP\Practical 7\q3.scala. Using presentation compiler with project's scala-library version: 3.3.3
2024.08.05 11:48:48 INFO  no build target found for F:\UCSC\2nd year 1st sem\2204 FP\Practical 7\q3.scala. Using presentation compiler with project's scala-library version: 3.3.3
Aug 05, 2024 11:48:48 AM org.eclipse.lsp4j.jsonrpc.RemoteEndpoint handleCancellation
WARNING: Unmatched cancel notification for request id 815
2024.08.05 11:48:48 INFO  no build target found for F:\UCSC\2nd year 1st sem\2204 FP\Practical 7\q3.scala. Using presentation compiler with project's scala-library version: 3.3.3
2024.08.05 11:48:48 INFO  no build target found for F:\UCSC\2nd year 1st sem\2204 FP\Practical 7\q3.scala. Using presentation compiler with project's scala-library version: 3.3.3
2024.08.05 11:48:49 INFO  no build target found for F:\UCSC\2nd year 1st sem\2204 FP\Practical 7\q3.scala. Using presentation compiler with project's scala-library version: 3.3.3
Aug 05, 2024 11:48:49 AM org.eclipse.lsp4j.jsonrpc.RemoteEndpoint handleCancellation
WARNING: Unmatched cancel notification for request id 819
2024.08.05 11:48:49 INFO  no build target found for F:\UCSC\2nd year 1st sem\2204 FP\Practical 7\q3.scala. Using presentation compiler with project's scala-library version: 3.3.3
2024.08.05 11:48:49 INFO  no build target found for F:\UCSC\2nd year 1st sem\2204 FP\Practical 7\q3.scala. Using presentation compiler with project's scala-library version: 3.3.3
2024.08.05 11:48:49 INFO  no build target found for F:\UCSC\2nd year 1st sem\2204 FP\Practical 7\q3.scala. Using presentation compiler with project's scala-library version: 3.3.3
2024.08.05 11:48:49 INFO  no build target found for F:\UCSC\2nd year 1st sem\2204 FP\Practical 7\q3.scala. Using presentation compiler with project's scala-library version: 3.3.3
2024.08.05 11:48:49 INFO  no build target found for F:\UCSC\2nd year 1st sem\2204 FP\Practical 7\q3.scala. Using presentation compiler with project's scala-library version: 3.3.3
2024.08.05 11:48:49 INFO  no build target found for F:\UCSC\2nd year 1st sem\2204 FP\Practical 7\q3.scala. Using presentation compiler with project's scala-library version: 3.3.3
2024.08.05 11:48:49 INFO  no build target found for F:\UCSC\2nd year 1st sem\2204 FP\Practical 7\q3.scala. Using presentation compiler with project's scala-library version: 3.3.3
2024.08.05 11:48:50 INFO  no build target found for F:\UCSC\2nd year 1st sem\2204 FP\Practical 7\q3.scala. Using presentation compiler with project's scala-library version: 3.3.3
2024.08.05 11:48:50 INFO  no build target found for F:\UCSC\2nd year 1st sem\2204 FP\Practical 7\q3.scala. Using presentation compiler with project's scala-library version: 3.3.3
2024.08.05 11:48:49 INFO  no build target found for F:\UCSC\2nd year 1st sem\2204 FP\Practical 7\q3.scala. Using presentation compiler with project's scala-library version: 3.3.3
2024.08.05 11:48:50 INFO  no build target found for F:\UCSC\2nd year 1st sem\2204 FP\Practical 7\q3.scala. Using presentation compiler with project's scala-library version: 3.3.3
2024.08.05 11:48:50 INFO  no build target found for F:\UCSC\2nd year 1st sem\2204 FP\Practical 7\q3.scala. Using presentation compiler with project's scala-library version: 3.3.3
2024.08.05 11:48:51 INFO  no build target found for F:\UCSC\2nd year 1st sem\2204 FP\Practical 7\q3.scala. Using presentation compiler with project's scala-library version: 3.3.3
2024.08.05 11:48:51 INFO  no build target found for F:\UCSC\2nd year 1st sem\2204 FP\Practical 7\q3.scala. Using presentation compiler with project's scala-library version: 3.3.3
2024.08.05 11:48:51 INFO  no build target found for F:\UCSC\2nd year 1st sem\2204 FP\Practical 7\q3.scala. Using presentation compiler with project's scala-library version: 3.3.3
2024.08.05 11:48:52 INFO  no build target found for F:\UCSC\2nd year 1st sem\2204 FP\Practical 7\q3.scala. Using presentation compiler with project's scala-library version: 3.3.3
2024.08.05 11:48:52 WARN  no build target for: F:\UCSC\2nd year 1st sem\2204 FP\Practical 7\q3.scala
2024.08.05 11:48:52 INFO  no build target found for F:\UCSC\2nd year 1st sem\2204 FP\Practical 7\q3.scala. Using presentation compiler with project's scala-library version: 3.3.3
2024.08.05 11:48:52 INFO  no build target found for F:\UCSC\2nd year 1st sem\2204 FP\Practical 7\q3.scala. Using presentation compiler with project's scala-library version: 3.3.3
2024.08.05 11:48:58 INFO  no build target found for F:\UCSC\2nd year 1st sem\2204 FP\Practical 7\q3.scala. Using presentation compiler with project's scala-library version: 3.3.3
2024.08.05 11:48:58 INFO  no build target found for F:\UCSC\2nd year 1st sem\2204 FP\Practical 7\q3.scala. Using presentation compiler with project's scala-library version: 3.3.3
2024.08.05 11:48:59 INFO  no build target found for F:\UCSC\2nd year 1st sem\2204 FP\Practical 7\q3.scala. Using presentation compiler with project's scala-library version: 3.3.3
2024.08.05 11:48:59 INFO  no build target found for F:\UCSC\2nd year 1st sem\2204 FP\Practical 7\q3.scala. Using presentation compiler with project's scala-library version: 3.3.3
2024.08.05 11:48:59 INFO  no build target found for F:\UCSC\2nd year 1st sem\2204 FP\Practical 7\q3.scala. Using presentation compiler with project's scala-library version: 3.3.3
2024.08.05 11:49:00 INFO  no build target found for F:\UCSC\2nd year 1st sem\2204 FP\Practical 7\q3.scala. Using presentation compiler with project's scala-library version: 3.3.3
2024.08.05 11:50:08 INFO  no build target found for F:\UCSC\2nd year 1st sem\2204 FP\Practical 7\q3.scala. Using presentation compiler with project's scala-library version: 3.3.3
2024.08.05 11:50:08 INFO  no build target found for F:\UCSC\2nd year 1st sem\2204 FP\Practical 7\q3.scala. Using presentation compiler with project's scala-library version: 3.3.3
2024.08.05 11:50:09 INFO  no build target found for F:\UCSC\2nd year 1st sem\2204 FP\Practical 7\q3.scala. Using presentation compiler with project's scala-library version: 3.3.3
2024.08.05 11:50:09 INFO  no build target found for F:\UCSC\2nd year 1st sem\2204 FP\Practical 7\q3.scala. Using presentation compiler with project's scala-library version: 3.3.3
2024.08.05 11:50:10 INFO  no build target found for F:\UCSC\2nd year 1st sem\2204 FP\Practical 7\q3.scala. Using presentation compiler with project's scala-library version: 3.3.3
2024.08.05 11:50:10 INFO  no build target found for F:\UCSC\2nd year 1st sem\2204 FP\Practical 7\q3.scala. Using presentation compiler with project's scala-library version: 3.3.3
2024.08.05 11:50:12 INFO  no build target found for F:\UCSC\2nd year 1st sem\2204 FP\Practical 7\q3.scala. Using presentation compiler with project's scala-library version: 3.3.3
2024.08.05 11:50:12 WARN  no build target for: F:\UCSC\2nd year 1st sem\2204 FP\Practical 7\q3.scala
2024.08.05 11:50:12 INFO  no build target found for F:\UCSC\2nd year 1st sem\2204 FP\Practical 7\q3.scala. Using presentation compiler with project's scala-library version: 3.3.3
2024.08.05 11:50:12 INFO  no build target found for F:\UCSC\2nd year 1st sem\2204 FP\Practical 7\q3.scala. Using presentation compiler with project's scala-library version: 3.3.3
2024.08.05 11:59:11 WARN  no build target for: F:\UCSC\2nd year 1st sem\2204 FP\Practical 7\q3.scala
2024.08.05 11:59:11 INFO  no build target found for F:\UCSC\2nd year 1st sem\2204 FP\Practical 7\q3.scala. Using presentation compiler with project's scala-library version: 3.3.3
2024.08.05 11:59:12 WARN  no build target for: F:\UCSC\2nd year 1st sem\2204 FP\Practical 7\q3.scala
2024.08.05 11:59:12 INFO  no build target found for F:\UCSC\2nd year 1st sem\2204 FP\Practical 7\q3.scala. Using presentation compiler with project's scala-library version: 3.3.3
2024.08.05 11:59:12 WARN  no build target for: F:\UCSC\2nd year 1st sem\2204 FP\Practical 7\q3.scala
2024.08.05 11:59:12 INFO  no build target found for F:\UCSC\2nd year 1st sem\2204 FP\Practical 7\q3.scala. Using presentation compiler with project's scala-library version: 3.3.3
